===== АвтоЗвіт за 2025-04-19 11:08:35 =====
→ [Galxe] Прибуток: 0.00 USDT
→ [YouTube] Прибуток: 0.00 USDT
→ [Polygon] Баланс: 0.00 MATIC

💰 Загальний прибуток: 0.00 USDT (з урахуванням балансу)
====================================================

===== АвтоЗвіт за 2025-04-19 11:13:55 =====
→ [Galxe] Прибуток: 25.29 USDT
→ [YouTube] Прибуток: 0.00 USDT
→ [Polygon] Баланс: 0.00 MATIC

💰 Загальний прибуток: 25.29 USDT (з урахуванням балансу)
====================================================

===== АвтоЗвіт за 2025-04-19 11:16:57 =====
→ [Galxe] Прибуток: 25.29 USDT
→ [YouTube] Прибуток: 0.00 USDT
→ [Polygon] Баланс: 0.00 MATIC

💰 Загальний прибуток: 25.29 USDT (з урахуванням балансу)
====================================================

===== АвтоЗвіт за 2025-04-19 12:08:34 =====
→ [Galxe] Прибуток: 25.29 USDT
→ [YouTube] Прибуток: 0.00 USDT
→ [Polygon] Баланс: 0.00 MATIC

💰 Загальний прибуток: 25.29 USDT (з урахуванням балансу)
====================================================

===== АвтоЗвіт за 2025-04-19 14:54:53 =====
→ [Galxe] Прибуток: 25.29 USDT
→ [YouTube] Прибуток: 0.00 USDT
→ [Polygon] Баланс: 0.00 MATIC

💰 Загальний прибуток: 25.29 USDT (з урахуванням балансу)
====================================================

