[1] 0x0000000000000000000000000000000000000001 → 34.602305 BNB
[2] 0x0000000000000000000000000000000000000002 → 0.893246 BNB
[3] 0x0000000000000000000000000000000000000003 → 1.624587 BNB
[4] 0x0000000000000000000000000000000000000004 → 0.874053 BNB
[5] 0x0000000000000000000000000000000000000005 → 20.334152 BNB
[6] 0x0000000000000000000000000000000000000006 → 0.0 BNB
[7] 0x0000000000000000000000000000000000000007 → 0.08867 BNB
[8] 0x0000000000000000000000000000000000000008 → 0.000811 BNB
[9] 0x0000000000000000000000000000000000000009 → 0.0 BNB
[10] 0x000000000000000000000000000000000000000a → 13.362048 BNB
[11] 0x000000000000000000000000000000000000000b → 0.0001 BNB
[12] 0x000000000000000000000000000000000000000c → 0.057685 BNB
[13] 0x000000000000000000000000000000000000000d → 0.0 BNB
[14] 0x000000000000000000000000000000000000000e → 2.173926 BNB
[15] 0x000000000000000000000000000000000000000f → 0.127745 BNB
[16] 0x0000000000000000000000000000000000000010 → 1.318129 BNB
[17] 0x0000000000000000000000000000000000000011 → 0.007486 BNB
[18] 0x0000000000000000000000000000000000000012 → 0.001 BNB
[19] 0x0000000000000000000000000000000000000013 → 1e-06 BNB
[20] 0x0000000000000000000000000000000000000014 → 0.562496 BNB
[21] 0x0000000000000000000000000000000000000015 → 0.0 BNB
[22] 0x0000000000000000000000000000000000000016 → 0.0 BNB
[23] 0x0000000000000000000000000000000000000017 → 0.0 BNB
[24] 0x0000000000000000000000000000000000000018 → 0.0 BNB
[25] 0x0000000000000000000000000000000000000019 → 0.0 BNB
[26] 0x000000000000000000000000000000000000001a → 0.0 BNB
[27] 0x000000000000000000000000000000000000001b → 0.0 BNB
[28] 0x000000000000000000000000000000000000001c → 0.0 BNB
[29] 0x000000000000000000000000000000000000001d → 0.0 BNB
[30] 0x000000000000000000000000000000000000001e → 0.0 BNB
[31] 0x000000000000000000000000000000000000001f → 0.0 BNB
[32] 0x0000000000000000000000000000000000000020 → 0.0 BNB
[33] 0x0000000000000000000000000000000000000021 → 0.0 BNB
[34] 0x0000000000000000000000000000000000000022 → 0.0 BNB
[35] 0x0000000000000000000000000000000000000023 → 0.0 BNB
[36] 0x0000000000000000000000000000000000000024 → 0.0 BNB
[37] 0x0000000000000000000000000000000000000025 → 0.0 BNB
[38] 0x0000000000000000000000000000000000000026 → 0.0 BNB
[39] 0x0000000000000000000000000000000000000027 → 0.0 BNB
[40] 0x0000000000000000000000000000000000000028 → 22.595207 BNB
[41] 0x0000000000000000000000000000000000000029 → 0.0 BNB
[42] 0x000000000000000000000000000000000000002a → 0.0 BNB
[43] 0x000000000000000000000000000000000000002b → 0.0 BNB
[44] 0x000000000000000000000000000000000000002c → 0.0 BNB
[45] 0x000000000000000000000000000000000000002d → 0.0 BNB
[46] 0x000000000000000000000000000000000000002e → 0.0 BNB
[47] 0x000000000000000000000000000000000000002f → 0.0 BNB
[48] 0x0000000000000000000000000000000000000030 → 0.0 BNB
[49] 0x0000000000000000000000000000000000000031 → 0.0 BNB
[50] 0x0000000000000000000000000000000000000032 → 1.3e-05 BNB
[51] 0x0000000000000000000000000000000000000033 → 0.0 BNB
[52] 0x0000000000000000000000000000000000000034 → 0.0 BNB
[53] 0x0000000000000000000000000000000000000035 → 0.0 BNB
[54] 0x0000000000000000000000000000000000000036 → 0.0 BNB
[55] 0x0000000000000000000000000000000000000037 → 0.0 BNB
[56] 0x0000000000000000000000000000000000000038 → 0.0 BNB
[57] 0x0000000000000000000000000000000000000039 → 0.0 BNB
[58] 0x000000000000000000000000000000000000003a → 0.0 BNB
[59] 0x000000000000000000000000000000000000003b → 0.0 BNB
[60] 0x000000000000000000000000000000000000003c → 0.0 BNB
[61] 0x000000000000000000000000000000000000003d → 0.0 BNB
[62] 0x000000000000000000000000000000000000003e → 0.0 BNB
[63] 0x000000000000000000000000000000000000003f → 0.0 BNB
[64] 0x0000000000000000000000000000000000000040 → 0.0 BNB
[65] 0x0000000000000000000000000000000000000041 → 0.0 BNB
[66] 0x0000000000000000000000000000000000000042 → 0.0 BNB
[67] 0x0000000000000000000000000000000000000043 → 0.0 BNB
[68] 0x0000000000000000000000000000000000000044 → 0.0 BNB
[69] 0x0000000000000000000000000000000000000045 → 0.0 BNB
[70] 0x0000000000000000000000000000000000000046 → 0.0 BNB
[71] 0x0000000000000000000000000000000000000047 → 0.0 BNB
[72] 0x0000000000000000000000000000000000000048 → 0.0 BNB
[73] 0x0000000000000000000000000000000000000049 → 0.0 BNB
[74] 0x000000000000000000000000000000000000004a → 0.0 BNB
[75] 0x000000000000000000000000000000000000004b → 0.0 BNB
[76] 0x000000000000000000000000000000000000004c → 0.0 BNB
[77] 0x000000000000000000000000000000000000004d → 0.0 BNB
[78] 0x000000000000000000000000000000000000004e → 0.0 BNB
[79] 0x000000000000000000000000000000000000004f → 0.0 BNB
[80] 0x0000000000000000000000000000000000000050 → 0.0 BNB
[81] 0x0000000000000000000000000000000000000051 → 0.0 BNB
[82] 0x0000000000000000000000000000000000000052 → 0.0 BNB
[83] 0x0000000000000000000000000000000000000053 → 0.0 BNB
[84] 0x0000000000000000000000000000000000000054 → 0.0 BNB
[85] 0x0000000000000000000000000000000000000055 → 0.0 BNB
[86] 0x0000000000000000000000000000000000000056 → 0.0 BNB
[87] 0x0000000000000000000000000000000000000057 → 0.0 BNB
[88] 0x0000000000000000000000000000000000000058 → 0.0 BNB
[89] 0x0000000000000000000000000000000000000059 → 0.0 BNB
[90] 0x000000000000000000000000000000000000005a → 0.0 BNB
[91] 0x000000000000000000000000000000000000005b → 0.0 BNB
[92] 0x000000000000000000000000000000000000005c → 0.0 BNB
[93] 0x000000000000000000000000000000000000005d → 0.0 BNB
[94] 0x000000000000000000000000000000000000005e → 0.0 BNB
[95] 0x000000000000000000000000000000000000005f → 0.0 BNB
[96] 0x0000000000000000000000000000000000000060 → 0.0 BNB
[97] 0x0000000000000000000000000000000000000061 → 0.0 BNB
[98] 0x0000000000000000000000000000000000000062 → 0.0 BNB
[99] 0x0000000000000000000000000000000000000063 → 0.0 BNB
[100] 0x0000000000000000000000000000000000000064 → 0.0 BNB
[101] 0x0000000000000000000000000000000000000065 → 0.0 BNB
[102] 0x0000000000000000000000000000000000000066 → 0.0 BNB
[103] 0x0000000000000000000000000000000000000067 → 0.0 BNB
[104] 0x0000000000000000000000000000000000000068 → 0.0 BNB
[105] 0x0000000000000000000000000000000000000069 → 1.8e-05 BNB
[106] 0x000000000000000000000000000000000000006a → 0.0 BNB
[107] 0x000000000000000000000000000000000000006b → 0.0 BNB
[108] 0x000000000000000000000000000000000000006c → 0.0 BNB
[109] 0x000000000000000000000000000000000000006d → 0.0 BNB
[110] 0x000000000000000000000000000000000000006e → 0.0 BNB
[111] 0x000000000000000000000000000000000000006f → 0.0 BNB
[112] 0x0000000000000000000000000000000000000070 → 0.0 BNB
[113] 0x0000000000000000000000000000000000000071 → 0.0 BNB
[114] 0x0000000000000000000000000000000000000072 → 0.0 BNB
[115] 0x0000000000000000000000000000000000000073 → 0.0 BNB
[116] 0x0000000000000000000000000000000000000074 → 0.0 BNB
[117] 0x0000000000000000000000000000000000000075 → 0.0 BNB
[118] 0x0000000000000000000000000000000000000076 → 0.0 BNB
[119] 0x0000000000000000000000000000000000000077 → 0.0 BNB
[120] 0x0000000000000000000000000000000000000078 → 0.0 BNB
[121] 0x0000000000000000000000000000000000000079 → 0.0 BNB
[122] 0x000000000000000000000000000000000000007a → 0.0 BNB
[123] 0x000000000000000000000000000000000000007b → 0.0 BNB
[124] 0x000000000000000000000000000000000000007c → 0.0 BNB
[125] 0x000000000000000000000000000000000000007d → 0.0 BNB
[126] 0x000000000000000000000000000000000000007e → 0.0 BNB
[127] 0x000000000000000000000000000000000000007f → 0.0 BNB
[128] 0x0000000000000000000000000000000000000080 → 0.0 BNB
[129] 0x0000000000000000000000000000000000000081 → 0.0 BNB
[130] 0x0000000000000000000000000000000000000082 → 0.0 BNB
[131] 0x0000000000000000000000000000000000000083 → 0.0 BNB
[132] 0x0000000000000000000000000000000000000084 → 0.0 BNB
[133] 0x0000000000000000000000000000000000000085 → 0.0 BNB
[134] 0x0000000000000000000000000000000000000086 → 0.0 BNB
[135] 0x0000000000000000000000000000000000000087 → 0.0 BNB
[136] 0x0000000000000000000000000000000000000088 → 0.0 BNB
[137] 0x0000000000000000000000000000000000000089 → 0.0 BNB
[138] 0x000000000000000000000000000000000000008a → 0.0 BNB
[139] 0x000000000000000000000000000000000000008b → 0.0 BNB
[140] 0x000000000000000000000000000000000000008c → 0.0 BNB
[141] 0x000000000000000000000000000000000000008d → 0.0 BNB
[142] 0x000000000000000000000000000000000000008e → 0.0 BNB
[143] 0x000000000000000000000000000000000000008f → 0.0 BNB
[144] 0x0000000000000000000000000000000000000090 → 0.0 BNB
[145] 0x0000000000000000000000000000000000000091 → 0.0 BNB
[146] 0x0000000000000000000000000000000000000092 → 0.0 BNB
[147] 0x0000000000000000000000000000000000000093 → 0.0 BNB
[148] 0x0000000000000000000000000000000000000094 → 0.0 BNB
[149] 0x0000000000000000000000000000000000000095 → 0.0 BNB
[150] 0x0000000000000000000000000000000000000096 → 0.0 BNB
[151] 0x0000000000000000000000000000000000000097 → 0.0 BNB
[152] 0x0000000000000000000000000000000000000098 → 0.0 BNB
[153] 0x0000000000000000000000000000000000000099 → 0.005 BNB
[154] 0x000000000000000000000000000000000000009a → 0.0 BNB
[155] 0x000000000000000000000000000000000000009b → 0.0 BNB
[156] 0x000000000000000000000000000000000000009c → 0.0 BNB
[157] 0x000000000000000000000000000000000000009d → 0.0 BNB
[158] 0x000000000000000000000000000000000000009e → 0.0 BNB
[159] 0x000000000000000000000000000000000000009f → 0.0 BNB
[160] 0x00000000000000000000000000000000000000a0 → 0.0 BNB
[161] 0x00000000000000000000000000000000000000a1 → 0.0 BNB
[162] 0x00000000000000000000000000000000000000a2 → 0.0 BNB
[163] 0x00000000000000000000000000000000000000a3 → 0.0 BNB
[164] 0x00000000000000000000000000000000000000a4 → 0.0 BNB
[165] 0x00000000000000000000000000000000000000a5 → 0.0 BNB
[166] 0x00000000000000000000000000000000000000a6 → 0.0 BNB
[167] 0x00000000000000000000000000000000000000a7 → 0.0 BNB
[168] 0x00000000000000000000000000000000000000a8 → 0.0 BNB
[169] 0x00000000000000000000000000000000000000a9 → 0.0 BNB
[170] 0x00000000000000000000000000000000000000aa → 0.0 BNB
[171] 0x00000000000000000000000000000000000000ab → 0.0 BNB
[172] 0x00000000000000000000000000000000000000ac → 0.0 BNB
[173] 0x00000000000000000000000000000000000000ad → 0.0 BNB
[174] 0x00000000000000000000000000000000000000ae → 0.0 BNB
[175] 0x00000000000000000000000000000000000000af → 0.0 BNB
[176] 0x00000000000000000000000000000000000000b0 → 0.0 BNB
[177] 0x00000000000000000000000000000000000000b1 → 0.0 BNB
[178] 0x00000000000000000000000000000000000000b2 → 0.0 BNB
[179] 0x00000000000000000000000000000000000000b3 → 0.0 BNB
[180] 0x00000000000000000000000000000000000000b4 → 0.0 BNB
[181] 0x00000000000000000000000000000000000000b5 → 0.0 BNB
[182] 0x00000000000000000000000000000000000000b6 → 0.0 BNB
[183] 0x00000000000000000000000000000000000000b7 → 0.0 BNB
[184] 0x00000000000000000000000000000000000000b8 → 0.0 BNB
[185] 0x00000000000000000000000000000000000000b9 → 0.0 BNB
[186] 0x00000000000000000000000000000000000000ba → 0.0 BNB
[187] 0x00000000000000000000000000000000000000bb → 0.0 BNB
[188] 0x00000000000000000000000000000000000000bc → 0.181108 BNB
[189] 0x00000000000000000000000000000000000000bd → 0.0 BNB
[190] 0x00000000000000000000000000000000000000be → 0.0 BNB
[191] 0x00000000000000000000000000000000000000bf → 0.0 BNB
[192] 0x00000000000000000000000000000000000000c0 → 0.0 BNB
[193] 0x00000000000000000000000000000000000000c1 → 0.0 BNB
[194] 0x00000000000000000000000000000000000000c2 → 0.0 BNB
[195] 0x00000000000000000000000000000000000000c3 → 0.0 BNB
[196] 0x00000000000000000000000000000000000000c4 → 0.0 BNB
[197] 0x00000000000000000000000000000000000000c5 → 0.0 BNB
[198] 0x00000000000000000000000000000000000000c6 → 0.0 BNB
[199] 0x00000000000000000000000000000000000000c7 → 0.127014 BNB
[200] 0x00000000000000000000000000000000000000c8 → 4e-06 BNB
[201] 0x00000000000000000000000000000000000000c9 → 0.0 BNB
[202] 0x00000000000000000000000000000000000000ca → 0.0 BNB
[203] 0x00000000000000000000000000000000000000cb → 0.0 BNB
[204] 0x00000000000000000000000000000000000000cc → 0.0 BNB
[205] 0x00000000000000000000000000000000000000cd → 0.0 BNB
[206] 0x00000000000000000000000000000000000000ce → 0.0 BNB
[207] 0x00000000000000000000000000000000000000cf → 0.0 BNB
[208] 0x00000000000000000000000000000000000000d0 → 0.0 BNB
[209] 0x00000000000000000000000000000000000000d1 → 0.0 BNB
[210] 0x00000000000000000000000000000000000000d2 → 0.0 BNB
[211] 0x00000000000000000000000000000000000000d3 → 0.0 BNB
[212] 0x00000000000000000000000000000000000000d4 → 0.0 BNB
[213] 0x00000000000000000000000000000000000000d5 → 0.0 BNB
[214] 0x00000000000000000000000000000000000000d6 → 0.0 BNB
[215] 0x00000000000000000000000000000000000000d7 → 0.0 BNB
[216] 0x00000000000000000000000000000000000000d8 → 0.0 BNB
[217] 0x00000000000000000000000000000000000000d9 → 0.0 BNB
[218] 0x00000000000000000000000000000000000000da → 0.0 BNB
[219] 0x00000000000000000000000000000000000000db → 0.0 BNB
[220] 0x00000000000000000000000000000000000000dc → 0.0 BNB
[221] 0x00000000000000000000000000000000000000dd → 0.0 BNB
[222] 0x00000000000000000000000000000000000000de → 0.005562 BNB
[223] 0x00000000000000000000000000000000000000df → 0.0 BNB
[224] 0x00000000000000000000000000000000000000e0 → 0.0 BNB
[225] 0x00000000000000000000000000000000000000e1 → 0.0 BNB
[226] 0x00000000000000000000000000000000000000e2 → 0.0 BNB
[227] 0x00000000000000000000000000000000000000e3 → 0.0 BNB
[228] 0x00000000000000000000000000000000000000e4 → 0.0 BNB
[229] 0x00000000000000000000000000000000000000e5 → 0.0 BNB
[230] 0x00000000000000000000000000000000000000e6 → 0.0 BNB
[231] 0x00000000000000000000000000000000000000e7 → 0.0 BNB
[232] 0x00000000000000000000000000000000000000e8 → 0.0 BNB
[233] 0x00000000000000000000000000000000000000e9 → 0.0 BNB
[234] 0x00000000000000000000000000000000000000ea → 0.0 BNB
[235] 0x00000000000000000000000000000000000000eb → 0.0 BNB
[236] 0x00000000000000000000000000000000000000ec → 2.7745 BNB
[237] 0x00000000000000000000000000000000000000ed → 0.003449 BNB
[238] 0x00000000000000000000000000000000000000ee → 0.0 BNB
[239] 0x00000000000000000000000000000000000000ef → 0.0 BNB
[240] 0x00000000000000000000000000000000000000f0 → 0.0 BNB
[241] 0x00000000000000000000000000000000000000f1 → 0.0 BNB
[242] 0x00000000000000000000000000000000000000f2 → 0.0 BNB
[243] 0x00000000000000000000000000000000000000f3 → 0.0 BNB
[244] 0x00000000000000000000000000000000000000f4 → 0.0 BNB
[245] 0x00000000000000000000000000000000000000f5 → 0.0 BNB
[246] 0x00000000000000000000000000000000000000f6 → 0.0 BNB
[247] 0x00000000000000000000000000000000000000f7 → 0.0 BNB
[248] 0x00000000000000000000000000000000000000f8 → 0.0 BNB
[249] 0x00000000000000000000000000000000000000f9 → 0.0 BNB
[250] 0x00000000000000000000000000000000000000fa → 0.0 BNB

===== Звіт BNB Balance =====
Дата: 2025-04-19 13:21:58.284876
Загальна кількість: 250
Загальний баланс: 101.720315 BNB

[1] 0x688306d9d7fbce745de1a2baa4d0a3fa5c7b7d58 → 0.0 BNB
[2] 0xc8d17c3a5270c0615ec02dfd9adf6be776bac354 → 0.0 BNB
[3] 0x2cd9a75643dc211b8886028a623ab1b705ab1672 → 0.0 BNB
[4] 0x5510358eadc9f49c02acb4644fb894836e46626a → 0.0 BNB
[5] 0x2dee28fe822772001f91a3ca197d79702c86fc70 → 0.0 BNB
[6] 0xd8c35c139c84e1a4ebcb001bb2bb35e48abb6f62 → 0.0 BNB
[7] 0x6bc1b438698fa72fafddcbdfa02c91a8c02b1d2d → 0.0 BNB
[8] 0x31fa047b4b257aacbda3d10ca5931d5b21e046bb → 0.0 BNB
[9] 0x40f4e832a637ca41c40e014ed401455e4983c393 → 0.0 BNB
[10] 0x1ddf6a43ab6e2a6af8511bcbc91bcc2976801c1c → 0.0 BNB
[11] 0x46ae14b36b0c96a8b9019ff6aad6249a29f2b40f → 0.0 BNB
[12] 0x3a36e720a2cba94890a59b14f8039306e3f13259 → 0.0 BNB
[13] 0xa9748d3a320b6d516d6fc6f05b6faaba43979789 → 0.0 BNB
[14] 0x84e3d764fcba69e73d7aae81a5741e4a28174349 → 0.0 BNB
[15] 0x81add0677e6285d42e3f1017d70d434d670d2f72 → 0.0 BNB
[16] 0xb6d53c1752174203b390278fa84ac99c0be1037d → 0.0 BNB
[17] 0x6852349c5661dbe7040ac2e8a234aa282cf1b87b → 0.0 BNB
[18] 0xbbb71148f28401a96126204b180d0c8cdaf95e07 → 0.0 BNB
[19] 0x7b48aa04ea147f6fb2ed1ff9cf4ad706f63ce849 → 0.0 BNB
[20] 0xf1bd9a9b9b6d70e1dda5c94309f3276591c47279 → 0.0 BNB
[21] 0x866aba5265cb8d84935008cb98ecc6ab6c7cd7fc → 0.0 BNB
[22] 0x6ac204a394c27c0ef38b5d34f6a33952abc21dc8 → 0.0 BNB
[23] 0x08d641eb6867cd91eb564f0148f21aa8fe1ed9ef → 0.0 BNB
[24] 0x78a149d1f2988b0f8244704f20b6676f668f1f94 → 0.0 BNB
[25] 0x1bc5079857c557cebf3cd49ea7d402a5b4bf7e0e → 0.0 BNB
[26] 0x16530440b4e08501ffa38c8bfb648f694db21abb → 0.0 BNB
[27] 0x8a03a9b615474fac8877fe8c115c1a99618aa807 → 0.0 BNB
[28] 0xfebc1b3d031d083d313c5b8b545591c3f2b4a86f → 0.0 BNB
[29] 0x0960a38d6efffbab7f1ad033f90dbf520ff5d094 → 0.0 BNB
[30] 0xb3564c2bc0820ddef48c82d3bb755697d761498a → 0.0 BNB
[31] 0x6b998cb4e84925c6fbb7b66c01f412fc4a12dcef → 0.0 BNB
[32] 0x7397ba30e188571f1abddc914fb9d6d0c718ef07 → 0.0 BNB
[33] 0xd781db41d2d96119c965c1a6bbc5e85fb5178c78 → 0.0 BNB
[34] 0xf59e2ceba143fbb81300f0250741a81a24a7d6c2 → 0.0 BNB
[35] 0xe3b0cef0d59d2afcb6cdedf0d999828394bd241f → 0.0 BNB
[36] 0x02f7a118ea69163eb63058b42bdfba90a3a98388 → 0.0 BNB
[37] 0xd925d790834472a49e4edf5acd48e949c615dd4e → 0.0 BNB
[38] 0xa2f227ad2482f087586c8fd56efa50c7e8896fd4 → 0.0 BNB
[39] 0xcf6e448c6a52068c1ba6453c39d73c826a43fa2b → 0.0 BNB
[40] 0xaaa81ed05b3f8c2e3a47ac54a2ea6fb814a1a79e → 0.0 BNB
[41] 0xefac94bfdb9c54d2c8c92a12b5344449c1efc107 → 0.0 BNB
[42] 0x3685161bcb3150e8966bb34e8c507ab8fb88224a → 0.0 BNB
[43] 0xb9364b1c8fab3610e86b34ee8074cb2e7d4a4bc4 → 0.0 BNB
[44] 0x14488ac859b6f90cb331f187d2a6978b4a83688b → 0.0 BNB
[45] 0x480414e60599be7f53c3a7f1d4a1af5c22808f72 → 0.0 BNB
[46] 0xde3501bebd5214e87d0ce14bb404bd95c1e945e6 → 0.0 BNB
[47] 0x50d0f71491e3a2db34b4904aace4687b81adf2f6 → 0.0 BNB
[48] 0x12e0f94e0b75b94d2a6edb5b0e77e1ac58d41c8b → 0.0 BNB
[49] 0x79e535fa80bd2f6dc6e64acb9185704811a7633c → 0.0 BNB
[50] 0xe15a8804c2619bdcb9bf9757aba755f32d032a20 → 0.0 BNB
[51] 0xc1bfd2aa03a798d070125ecdfe951ae5628babab → 0.0 BNB
[52] 0xc82217117a4869bd85d3005e75efa8144541c8a0 → 0.0 BNB
[53] 0x62b3239531ef6e4252651e2bd8c1a52b0bfdaf13 → 0.0 BNB
[54] 0x467e4fdd6e1a6a5432adc68e22385cad099895ba → 0.0 BNB
[55] 0x949357abc30d3ac725268fd81c54aec256a0f76d → 0.0 BNB
[56] 0x4d17ffaa48b5b37eaff128dba3bc55983f06dae0 → 0.0 BNB
[57] 0x51b3157b023762c8e05f4ce55a5bbda61f26bcd7 → 0.0 BNB
[58] 0xec87cc80788b7803024d3592363e2d7f703ec5f5 → 0.0 BNB
[59] 0x02b07c29cca207de2dffe777cbd1480d7d2ac114 → 0.0 BNB
[60] 0x4717fb7ea5ce0f1617e2aa0448b2a550f1590144 → 0.0 BNB
[61] 0x1556d96aef9c4b5b90138f70e9cc4e0fea530de8 → 0.0 BNB
[62] 0x859dfb8e7a14bcee2938118aa9e000d5309343c7 → 0.0 BNB
[63] 0x19959ecb963f1ff8722efdb3f7fce98c80a8e52c → 0.0 BNB
[64] 0xb7bcfb0f322b4fc6f4fac94ffc3d3778f7879472 → 0.0 BNB
[65] 0x2eebe5f1fa31675bf5ca65aa237b9b323ccd6a57 → 0.0 BNB
[66] 0xff83a688f2502ddedab4cd7746988a6a9c504a6d → 0.0 BNB
[67] 0x0a8598082f49a4a9841c17862aab28b8697c1792 → 0.0 BNB
[68] 0xf7ea77dd85f89233301e27d960a920ac1b2cb7bc → 0.0 BNB
[69] 0x7c2c899c2218190ed91ace61c6a211dcbf73c27d → 0.0 BNB
[70] 0xa7d18e0947354bf5c59f1215cee6fb13c551101a → 0.0 BNB
[71] 0x17bf7e741ff1c43f57c10acd1c36b52f4f0d5358 → 0.0 BNB
[72] 0x335a86fb2adcd9f17f413b52d82fae34ccc9caff → 0.0 BNB
[73] 0x262950ec577181f6a6420c75f3e3923e4a59a92f → 0.0 BNB
[74] 0x7028602cab3f9ece369e1c6fc85469787ff86a9c → 0.0 BNB
[75] 0x3f740c90c3196c9eb7d981eea8e86f7b4cac6450 → 0.0 BNB
[76] 0x2b7284e7d7664423e0ca8b9304bc3ed7cb4dbade → 0.0 BNB
[77] 0x58a40f4a12b46cdad1c46c2698dfd4740457ee6b → 0.0 BNB
[78] 0x19187437eea79c8ef9c2408e8728220b9f0f623e → 0.0 BNB
[79] 0xa80ff145784b42b159fdc7c4585bab0b78043449 → 0.0 BNB
[80] 0x5cb43a8119dcb0c28321fe0015a6ccc8138093ba → 0.0 BNB
[81] 0x2f623b979a2ff7ac7b0802c684f42d95db46b55c → 0.0 BNB
[82] 0xcfb599a6fa2676b0f3137240252183cf5fb3d51a → 0.0 BNB
[83] 0xbfc0f92184dd4389fcbd48484bbb9f139700532f → 0.0 BNB
[84] 0x8cdd38307ea238718315557c99d06bcdcbda5f0d → 0.0 BNB
[85] 0x65128becc4bcc00392ce1226fe31678f071d965a → 0.0 BNB
[86] 0x264be9a5facfa9c5e3e65d0906b25619e49801c5 → 0.0 BNB
[87] 0x0e718950f2f3bcc8266f0f7c5dbcef2ad354c4b5 → 0.0 BNB
[88] 0xb6c1c37e2ca697f4516472b8c65af383793e3217 → 0.0 BNB
[89] 0x0b443983ca4b28749ad3ac155f3e2cacb61cda10 → 0.0 BNB
[90] 0x7cda07a83e08638fe92159c75e18b58f593d0ca3 → 0.0 BNB
[91] 0xa3b1fdb4ef21c63ab6f1f14f94d23682d4d6f808 → 0.0 BNB
[92] 0xd7c6f890c31f340a59a7d0f7e1e312160d271842 → 0.0 BNB
[93] 0x512e6b4f18339863f790b27046372cd24294cc18 → 0.0 BNB
[94] 0x7f734127ab3714d670c0f0b9e03459c478ac31b9 → 0.0 BNB
[95] 0x62ce5ac6df08df8a0e01ac02c4f81cbec94bace9 → 0.0 BNB
[96] 0xb7285c1e404f086086716cbbcc5ccdc88557b313 → 0.0 BNB
[97] 0x2621799f2c86286f1b5dadc41e4cddf77d2d03aa → 0.0 BNB
[98] 0xd0ca21e5792b153da4a94fa925ac39bc347752b5 → 0.0 BNB
[99] 0xe7ba5b15ba923ae5b7571f6e5f4fc4b168ea1c68 → 0.0 BNB
[100] 0xf9aeaf51aae6f0ffb18d1c125649708017512510 → 0.0 BNB
[101] 0xdemo000 → 0.0 BNB
[102] 0xdemo001 → 0.0 BNB
[103] 0xdemo002 → 0.0 BNB
[104] 0xdemo003 → 0.0 BNB
[105] 0xdemo004 → 0.0 BNB
[106] 0xdemo005 → 0.0 BNB
[107] 0xdemo006 → 0.0 BNB
[108] 0xdemo007 → 0.0 BNB
[109] 0xdemo008 → 0.0 BNB
[110] 0xdemo009 → 0.0 BNB
[111] 0xdemo00a → 0.0 BNB
[112] 0xdemo00b → 0.0 BNB
[113] 0xdemo00c → 0.0 BNB
[114] 0xdemo00d → 0.0 BNB
[115] 0xdemo00e → 0.0 BNB
[116] 0xdemo00f → 0.0 BNB
[117] 0xdemo010 → 0.0 BNB
[118] 0xdemo011 → 0.0 BNB
[119] 0xdemo012 → 0.0 BNB
[120] 0xdemo013 → 0.0 BNB
[121] 0xdemo014 → 0.0 BNB
[122] 0xdemo015 → 0.0 BNB
[123] 0xdemo016 → 0.0 BNB
[124] 0xdemo017 → 0.0 BNB
[125] 0xdemo018 → 0.0 BNB
[126] 0xdemo019 → 0.0 BNB
[127] 0xdemo01a → 0.0 BNB
[128] 0xdemo01b → 0.0 BNB
[129] 0xdemo01c → 0.0 BNB
[130] 0xdemo01d → 0.0 BNB
[131] 0xdemo01e → 0.0 BNB
[132] 0xdemo01f → 0.0 BNB
[133] 0xdemo020 → 0.0 BNB
[134] 0xdemo021 → 0.0 BNB
[135] 0xdemo022 → 0.0 BNB
[136] 0xdemo023 → 0.0 BNB
[137] 0xdemo024 → 0.0 BNB
[138] 0xdemo025 → 0.0 BNB
[139] 0xdemo026 → 0.0 BNB
[140] 0xdemo027 → 0.0 BNB
[141] 0xdemo028 → 0.0 BNB
[142] 0xdemo029 → 0.0 BNB
[143] 0xdemo02a → 0.0 BNB
[144] 0xdemo02b → 0.0 BNB
[145] 0xdemo02c → 0.0 BNB
[146] 0xdemo02d → 0.0 BNB
[147] 0xdemo02e → 0.0 BNB
[148] 0xdemo02f → 0.0 BNB
[149] 0xdemo030 → 0.0 BNB
[150] 0xdemo031 → 0.0 BNB
[151] 0xdemo032 → 0.0 BNB
[152] 0xdemo033 → 0.0 BNB
[153] 0xdemo034 → 0.0 BNB
[154] 0xdemo035 → 0.0 BNB
[155] 0xdemo036 → 0.0 BNB
[156] 0xdemo037 → 0.0 BNB
[157] 0xdemo038 → 0.0 BNB
[158] 0xdemo039 → 0.0 BNB
[159] 0xdemo03a → 0.0 BNB
[160] 0xdemo03b → 0.0 BNB
[161] 0xdemo03c → 0.0 BNB
[162] 0xdemo03d → 0.0 BNB
[163] 0xdemo03e → 0.0 BNB
[164] 0xdemo03f → 0.0 BNB
[165] 0xdemo040 → 0.0 BNB
[166] 0xdemo041 → 0.0 BNB
[167] 0xdemo042 → 0.0 BNB
[168] 0xdemo043 → 0.0 BNB
[169] 0xdemo044 → 0.0 BNB
[170] 0xdemo045 → 0.0 BNB
[171] 0xdemo046 → 0.0 BNB
[172] 0xdemo047 → 0.0 BNB
[173] 0xdemo048 → 0.0 BNB
[174] 0xdemo049 → 0.0 BNB
[175] 0xdemo04a → 0.0 BNB
[176] 0xdemo04b → 0.0 BNB
[177] 0xdemo04c → 0.0 BNB
[178] 0xdemo04d → 0.0 BNB
[179] 0xdemo04e → 0.0 BNB
[180] 0xdemo04f → 0.0 BNB
[181] 0xdemo050 → 0.0 BNB
[182] 0xdemo051 → 0.0 BNB
[183] 0xdemo052 → 0.0 BNB
[184] 0xdemo053 → 0.0 BNB
[185] 0xdemo054 → 0.0 BNB
[186] 0xdemo055 → 0.0 BNB
[187] 0xdemo056 → 0.0 BNB
[188] 0xdemo057 → 0.0 BNB
[189] 0xdemo058 → 0.0 BNB
[190] 0xdemo059 → 0.0 BNB
[191] 0xdemo05a → 0.0 BNB
[192] 0xdemo05b → 0.0 BNB
[193] 0xdemo05c → 0.0 BNB
[194] 0xdemo05d → 0.0 BNB
[195] 0xdemo05e → 0.0 BNB
[196] 0xdemo05f → 0.0 BNB
[197] 0xdemo060 → 0.0 BNB
[198] 0xdemo061 → 0.0 BNB
[199] 0xdemo062 → 0.0 BNB
[200] 0xdemo063 → 0.0 BNB
[201] 0xdemo064 → 0.0 BNB
[202] 0xdemo065 → 0.0 BNB
[203] 0xdemo066 → 0.0 BNB
[204] 0xdemo067 → 0.0 BNB
[205] 0xdemo068 → 0.0 BNB
[206] 0xdemo069 → 0.0 BNB
[207] 0xdemo06a → 0.0 BNB
[208] 0xdemo06b → 0.0 BNB
[209] 0xdemo06c → 0.0 BNB
[210] 0xdemo06d → 0.0 BNB
[211] 0xdemo06e → 0.0 BNB
[212] 0xdemo06f → 0.0 BNB
[213] 0xdemo070 → 0.0 BNB
[214] 0xdemo071 → 0.0 BNB
[215] 0xdemo072 → 0.0 BNB
[216] 0xdemo073 → 0.0 BNB
[217] 0xdemo074 → 0.0 BNB
[218] 0xdemo075 → 0.0 BNB
[219] 0xdemo076 → 0.0 BNB
[220] 0xdemo077 → 0.0 BNB
[221] 0xdemo078 → 0.0 BNB
[222] 0xdemo079 → 0.0 BNB
[223] 0xdemo07a → 0.0 BNB
[224] 0xdemo07b → 0.0 BNB
[225] 0xdemo07c → 0.0 BNB
[226] 0xdemo07d → 0.0 BNB
[227] 0xdemo07e → 0.0 BNB
[228] 0xdemo07f → 0.0 BNB
[229] 0xdemo080 → 0.0 BNB
[230] 0xdemo081 → 0.0 BNB
[231] 0xdemo082 → 0.0 BNB
[232] 0xdemo083 → 0.0 BNB
[233] 0xdemo084 → 0.0 BNB
[234] 0xdemo085 → 0.0 BNB
[235] 0xdemo086 → 0.0 BNB
[236] 0xdemo087 → 0.0 BNB
[237] 0xdemo088 → 0.0 BNB
[238] 0xdemo089 → 0.0 BNB
[239] 0xdemo08a → 0.0 BNB
[240] 0xdemo08b → 0.0 BNB
[241] 0xdemo08c → 0.0 BNB
[242] 0xdemo08d → 0.0 BNB
[243] 0xdemo08e → 0.0 BNB
[244] 0xdemo08f → 0.0 BNB
[245] 0xdemo090 → 0.0 BNB
[246] 0xdemo091 → 0.0 BNB
[247] 0xdemo092 → 0.0 BNB
[248] 0xdemo093 → 0.0 BNB
[249] 0xdemo094 → 0.0 BNB
[250] 0xdemo095 → 0.0 BNB

===== Звіт BNB Balance =====
Дата: 2025-04-19 14:11:17.274063
Загальна кількість: 250
Загальний баланс: 0.000000 BNB

[1] 0x688306d9d7fbce745de1a2baa4d0a3fa5c7b7d58 → 0.0 BNB
[2] 0xc8d17c3a5270c0615ec02dfd9adf6be776bac354 → 0.0 BNB
[3] 0x2cd9a75643dc211b8886028a623ab1b705ab1672 → 0.0 BNB
[4] 0x5510358eadc9f49c02acb4644fb894836e46626a → 0.0 BNB
[5] 0x2dee28fe822772001f91a3ca197d79702c86fc70 → 0.0 BNB
[6] 0xd8c35c139c84e1a4ebcb001bb2bb35e48abb6f62 → 0.0 BNB
[7] 0x6bc1b438698fa72fafddcbdfa02c91a8c02b1d2d → 0.0 BNB
[8] 0x31fa047b4b257aacbda3d10ca5931d5b21e046bb → 0.0 BNB
[9] 0x40f4e832a637ca41c40e014ed401455e4983c393 → 0.0 BNB
[10] 0x1ddf6a43ab6e2a6af8511bcbc91bcc2976801c1c → 0.0 BNB
[11] 0x46ae14b36b0c96a8b9019ff6aad6249a29f2b40f → 0.0 BNB
[12] 0x3a36e720a2cba94890a59b14f8039306e3f13259 → 0.0 BNB
[13] 0xa9748d3a320b6d516d6fc6f05b6faaba43979789 → 0.0 BNB
[14] 0x84e3d764fcba69e73d7aae81a5741e4a28174349 → 0.0 BNB
[15] 0x81add0677e6285d42e3f1017d70d434d670d2f72 → 0.0 BNB
[16] 0xb6d53c1752174203b390278fa84ac99c0be1037d → 0.0 BNB
[17] 0x6852349c5661dbe7040ac2e8a234aa282cf1b87b → 0.0 BNB
[18] 0xbbb71148f28401a96126204b180d0c8cdaf95e07 → 0.0 BNB
[19] 0x7b48aa04ea147f6fb2ed1ff9cf4ad706f63ce849 → 0.0 BNB
[20] 0xf1bd9a9b9b6d70e1dda5c94309f3276591c47279 → 0.0 BNB
[21] 0x866aba5265cb8d84935008cb98ecc6ab6c7cd7fc → 0.0 BNB
[22] 0x6ac204a394c27c0ef38b5d34f6a33952abc21dc8 → 0.0 BNB
[23] 0x08d641eb6867cd91eb564f0148f21aa8fe1ed9ef → 0.0 BNB
[24] 0x78a149d1f2988b0f8244704f20b6676f668f1f94 → 0.0 BNB
[25] 0x1bc5079857c557cebf3cd49ea7d402a5b4bf7e0e → 0.0 BNB
[26] 0x16530440b4e08501ffa38c8bfb648f694db21abb → 0.0 BNB
[27] 0x8a03a9b615474fac8877fe8c115c1a99618aa807 → 0.0 BNB
[28] 0xfebc1b3d031d083d313c5b8b545591c3f2b4a86f → 0.0 BNB
[29] 0x0960a38d6efffbab7f1ad033f90dbf520ff5d094 → 0.0 BNB
[30] 0xb3564c2bc0820ddef48c82d3bb755697d761498a → 0.0 BNB
[31] 0x6b998cb4e84925c6fbb7b66c01f412fc4a12dcef → 0.0 BNB
[32] 0x7397ba30e188571f1abddc914fb9d6d0c718ef07 → 0.0 BNB
[33] 0xd781db41d2d96119c965c1a6bbc5e85fb5178c78 → 0.0 BNB
[34] 0xf59e2ceba143fbb81300f0250741a81a24a7d6c2 → 0.0 BNB
[35] 0xe3b0cef0d59d2afcb6cdedf0d999828394bd241f → 0.0 BNB
[36] 0x02f7a118ea69163eb63058b42bdfba90a3a98388 → 0.0 BNB
[37] 0xd925d790834472a49e4edf5acd48e949c615dd4e → 0.0 BNB
[38] 0xa2f227ad2482f087586c8fd56efa50c7e8896fd4 → 0.0 BNB
[39] 0xcf6e448c6a52068c1ba6453c39d73c826a43fa2b → 0.0 BNB
[40] 0xaaa81ed05b3f8c2e3a47ac54a2ea6fb814a1a79e → 0.0 BNB
[41] 0xefac94bfdb9c54d2c8c92a12b5344449c1efc107 → 0.0 BNB
[42] 0x3685161bcb3150e8966bb34e8c507ab8fb88224a → 0.0 BNB
[43] 0xb9364b1c8fab3610e86b34ee8074cb2e7d4a4bc4 → 0.0 BNB
[44] 0x14488ac859b6f90cb331f187d2a6978b4a83688b → 0.0 BNB
[45] 0x480414e60599be7f53c3a7f1d4a1af5c22808f72 → 0.0 BNB
[46] 0xde3501bebd5214e87d0ce14bb404bd95c1e945e6 → 0.0 BNB
[47] 0x50d0f71491e3a2db34b4904aace4687b81adf2f6 → 0.0 BNB
[48] 0x12e0f94e0b75b94d2a6edb5b0e77e1ac58d41c8b → 0.0 BNB
[49] 0x79e535fa80bd2f6dc6e64acb9185704811a7633c → 0.0 BNB
[50] 0xe15a8804c2619bdcb9bf9757aba755f32d032a20 → 0.0 BNB
[51] 0xc1bfd2aa03a798d070125ecdfe951ae5628babab → 0.0 BNB
[52] 0xc82217117a4869bd85d3005e75efa8144541c8a0 → 0.0 BNB
[53] 0x62b3239531ef6e4252651e2bd8c1a52b0bfdaf13 → 0.0 BNB
[54] 0x467e4fdd6e1a6a5432adc68e22385cad099895ba → 0.0 BNB
[55] 0x949357abc30d3ac725268fd81c54aec256a0f76d → 0.0 BNB
[56] 0x4d17ffaa48b5b37eaff128dba3bc55983f06dae0 → 0.0 BNB
[57] 0x51b3157b023762c8e05f4ce55a5bbda61f26bcd7 → 0.0 BNB
[58] 0xec87cc80788b7803024d3592363e2d7f703ec5f5 → 0.0 BNB
[59] 0x02b07c29cca207de2dffe777cbd1480d7d2ac114 → 0.0 BNB
[60] 0x4717fb7ea5ce0f1617e2aa0448b2a550f1590144 → 0.0 BNB
[61] 0x1556d96aef9c4b5b90138f70e9cc4e0fea530de8 → 0.0 BNB
[62] 0x859dfb8e7a14bcee2938118aa9e000d5309343c7 → 0.0 BNB
[63] 0x19959ecb963f1ff8722efdb3f7fce98c80a8e52c → 0.0 BNB
[64] 0xb7bcfb0f322b4fc6f4fac94ffc3d3778f7879472 → 0.0 BNB
[65] 0x2eebe5f1fa31675bf5ca65aa237b9b323ccd6a57 → 0.0 BNB
[66] 0xff83a688f2502ddedab4cd7746988a6a9c504a6d → 0.0 BNB
[67] 0x0a8598082f49a4a9841c17862aab28b8697c1792 → 0.0 BNB
[68] 0xf7ea77dd85f89233301e27d960a920ac1b2cb7bc → 0.0 BNB
[69] 0x7c2c899c2218190ed91ace61c6a211dcbf73c27d → 0.0 BNB
[70] 0xa7d18e0947354bf5c59f1215cee6fb13c551101a → 0.0 BNB
[71] 0x17bf7e741ff1c43f57c10acd1c36b52f4f0d5358 → 0.0 BNB
[72] 0x335a86fb2adcd9f17f413b52d82fae34ccc9caff → 0.0 BNB
[73] 0x262950ec577181f6a6420c75f3e3923e4a59a92f → 0.0 BNB
[74] 0x7028602cab3f9ece369e1c6fc85469787ff86a9c → 0.0 BNB
[75] 0x3f740c90c3196c9eb7d981eea8e86f7b4cac6450 → 0.0 BNB
[76] 0x2b7284e7d7664423e0ca8b9304bc3ed7cb4dbade → 0.0 BNB
[77] 0x58a40f4a12b46cdad1c46c2698dfd4740457ee6b → 0.0 BNB
[78] 0x19187437eea79c8ef9c2408e8728220b9f0f623e → 0.0 BNB
[79] 0xa80ff145784b42b159fdc7c4585bab0b78043449 → 0.0 BNB
[80] 0x5cb43a8119dcb0c28321fe0015a6ccc8138093ba → 0.0 BNB
[81] 0x2f623b979a2ff7ac7b0802c684f42d95db46b55c → 0.0 BNB
[82] 0xcfb599a6fa2676b0f3137240252183cf5fb3d51a → 0.0 BNB
[83] 0xbfc0f92184dd4389fcbd48484bbb9f139700532f → 0.0 BNB
[84] 0x8cdd38307ea238718315557c99d06bcdcbda5f0d → 0.0 BNB
[85] 0x65128becc4bcc00392ce1226fe31678f071d965a → 0.0 BNB
[86] 0x264be9a5facfa9c5e3e65d0906b25619e49801c5 → 0.0 BNB
[87] 0x0e718950f2f3bcc8266f0f7c5dbcef2ad354c4b5 → 0.0 BNB
[88] 0xb6c1c37e2ca697f4516472b8c65af383793e3217 → 0.0 BNB
[89] 0x0b443983ca4b28749ad3ac155f3e2cacb61cda10 → 0.0 BNB
[90] 0x7cda07a83e08638fe92159c75e18b58f593d0ca3 → 0.0 BNB
[91] 0xa3b1fdb4ef21c63ab6f1f14f94d23682d4d6f808 → 0.0 BNB
[92] 0xd7c6f890c31f340a59a7d0f7e1e312160d271842 → 0.0 BNB
[93] 0x512e6b4f18339863f790b27046372cd24294cc18 → 0.0 BNB
[94] 0x7f734127ab3714d670c0f0b9e03459c478ac31b9 → 0.0 BNB
[95] 0x62ce5ac6df08df8a0e01ac02c4f81cbec94bace9 → 0.0 BNB
[96] 0xb7285c1e404f086086716cbbcc5ccdc88557b313 → 0.0 BNB
[97] 0x2621799f2c86286f1b5dadc41e4cddf77d2d03aa → 0.0 BNB
[98] 0xd0ca21e5792b153da4a94fa925ac39bc347752b5 → 0.0 BNB
[99] 0xe7ba5b15ba923ae5b7571f6e5f4fc4b168ea1c68 → 0.0 BNB
[100] 0xf9aeaf51aae6f0ffb18d1c125649708017512510 → 0.0 BNB
[101] 0xdemo000 → 0.0 BNB
[102] 0xdemo001 → 0.0 BNB
[103] 0xdemo002 → 0.0 BNB
[104] 0xdemo003 → 0.0 BNB
[105] 0xdemo004 → 0.0 BNB
[106] 0xdemo005 → 0.0 BNB
[107] 0xdemo006 → 0.0 BNB
[108] 0xdemo007 → 0.0 BNB
[109] 0xdemo008 → 0.0 BNB
[110] 0xdemo009 → 0.0 BNB
[111] 0xdemo00a → 0.0 BNB
[112] 0xdemo00b → 0.0 BNB
[113] 0xdemo00c → 0.0 BNB
[114] 0xdemo00d → 0.0 BNB
[115] 0xdemo00e → 0.0 BNB
[116] 0xdemo00f → 0.0 BNB
[117] 0xdemo010 → 0.0 BNB
[118] 0xdemo011 → 0.0 BNB
[119] 0xdemo012 → 0.0 BNB
[120] 0xdemo013 → 0.0 BNB
[121] 0xdemo014 → 0.0 BNB
[122] 0xdemo015 → 0.0 BNB
[123] 0xdemo016 → 0.0 BNB
[124] 0xdemo017 → 0.0 BNB
[125] 0xdemo018 → 0.0 BNB
[126] 0xdemo019 → 0.0 BNB
[127] 0xdemo01a → 0.0 BNB
[128] 0xdemo01b → 0.0 BNB
[129] 0xdemo01c → 0.0 BNB
[130] 0xdemo01d → 0.0 BNB
[131] 0xdemo01e → 0.0 BNB
[132] 0xdemo01f → 0.0 BNB
[133] 0xdemo020 → 0.0 BNB
[134] 0xdemo021 → 0.0 BNB
[135] 0xdemo022 → 0.0 BNB
[136] 0xdemo023 → 0.0 BNB
[137] 0xdemo024 → 0.0 BNB
[138] 0xdemo025 → 0.0 BNB
[139] 0xdemo026 → 0.0 BNB
[140] 0xdemo027 → 0.0 BNB
[141] 0xdemo028 → 0.0 BNB
[142] 0xdemo029 → 0.0 BNB
[143] 0xdemo02a → 0.0 BNB
[144] 0xdemo02b → 0.0 BNB
[145] 0xdemo02c → 0.0 BNB
[146] 0xdemo02d → 0.0 BNB
[147] 0xdemo02e → 0.0 BNB
[148] 0xdemo02f → 0.0 BNB
[149] 0xdemo030 → 0.0 BNB
[150] 0xdemo031 → 0.0 BNB
[151] 0xdemo032 → 0.0 BNB
[152] 0xdemo033 → 0.0 BNB
[153] 0xdemo034 → 0.0 BNB
[154] 0xdemo035 → 0.0 BNB
[155] 0xdemo036 → 0.0 BNB
[156] 0xdemo037 → 0.0 BNB
[157] 0xdemo038 → 0.0 BNB
[158] 0xdemo039 → 0.0 BNB
[159] 0xdemo03a → 0.0 BNB
[160] 0xdemo03b → 0.0 BNB
[161] 0xdemo03c → 0.0 BNB
[162] 0xdemo03d → 0.0 BNB
[163] 0xdemo03e → 0.0 BNB
[164] 0xdemo03f → 0.0 BNB
[165] 0xdemo040 → 0.0 BNB
[166] 0xdemo041 → 0.0 BNB
[167] 0xdemo042 → 0.0 BNB
[168] 0xdemo043 → 0.0 BNB
[169] 0xdemo044 → 0.0 BNB
[170] 0xdemo045 → 0.0 BNB
[171] 0xdemo046 → 0.0 BNB
[172] 0xdemo047 → 0.0 BNB
[173] 0xdemo048 → 0.0 BNB
[174] 0xdemo049 → 0.0 BNB
[175] 0xdemo04a → 0.0 BNB
[176] 0xdemo04b → 0.0 BNB
[177] 0xdemo04c → 0.0 BNB
[178] 0xdemo04d → 0.0 BNB
[179] 0xdemo04e → 0.0 BNB
[180] 0xdemo04f → 0.0 BNB
[181] 0xdemo050 → 0.0 BNB
[182] 0xdemo051 → 0.0 BNB
[183] 0xdemo052 → 0.0 BNB
[184] 0xdemo053 → 0.0 BNB
[185] 0xdemo054 → 0.0 BNB
[186] 0xdemo055 → 0.0 BNB
[187] 0xdemo056 → 0.0 BNB
[188] 0xdemo057 → 0.0 BNB
[189] 0xdemo058 → 0.0 BNB
[190] 0xdemo059 → 0.0 BNB
[191] 0xdemo05a → 0.0 BNB
[192] 0xdemo05b → 0.0 BNB
[193] 0xdemo05c → 0.0 BNB
[194] 0xdemo05d → 0.0 BNB
[195] 0xdemo05e → 0.0 BNB
[196] 0xdemo05f → 0.0 BNB
[197] 0xdemo060 → 0.0 BNB
[198] 0xdemo061 → 0.0 BNB
[199] 0xdemo062 → 0.0 BNB
[200] 0xdemo063 → 0.0 BNB
[201] 0xdemo064 → 0.0 BNB
[202] 0xdemo065 → 0.0 BNB
[203] 0xdemo066 → 0.0 BNB
[204] 0xdemo067 → 0.0 BNB
[205] 0xdemo068 → 0.0 BNB
[206] 0xdemo069 → 0.0 BNB
[207] 0xdemo06a → 0.0 BNB
[208] 0xdemo06b → 0.0 BNB
[209] 0xdemo06c → 0.0 BNB
[210] 0xdemo06d → 0.0 BNB
[211] 0xdemo06e → 0.0 BNB
[212] 0xdemo06f → 0.0 BNB
[213] 0xdemo070 → 0.0 BNB
[214] 0xdemo071 → 0.0 BNB
[215] 0xdemo072 → 0.0 BNB
[216] 0xdemo073 → 0.0 BNB
[217] 0xdemo074 → 0.0 BNB
[218] 0xdemo075 → 0.0 BNB
[219] 0xdemo076 → 0.0 BNB
[220] 0xdemo077 → 0.0 BNB
[221] 0xdemo078 → 0.0 BNB
[222] 0xdemo079 → 0.0 BNB
[223] 0xdemo07a → 0.0 BNB
[224] 0xdemo07b → 0.0 BNB
[225] 0xdemo07c → 0.0 BNB
[226] 0xdemo07d → 0.0 BNB
[227] 0xdemo07e → 0.0 BNB
[228] 0xdemo07f → 0.0 BNB
[229] 0xdemo080 → 0.0 BNB
[230] 0xdemo081 → 0.0 BNB
[231] 0xdemo082 → 0.0 BNB
[232] 0xdemo083 → 0.0 BNB
[233] 0xdemo084 → 0.0 BNB
[234] 0xdemo085 → 0.0 BNB
[235] 0xdemo086 → 0.0 BNB
[236] 0xdemo087 → 0.0 BNB
[237] 0xdemo088 → 0.0 BNB
[238] 0xdemo089 → 0.0 BNB
[239] 0xdemo08a → 0.0 BNB
[240] 0xdemo08b → 0.0 BNB
[241] 0xdemo08c → 0.0 BNB
[242] 0xdemo08d → 0.0 BNB
[243] 0xdemo08e → 0.0 BNB
[244] 0xdemo08f → 0.0 BNB
[245] 0xdemo090 → 0.0 BNB
[246] 0xdemo091 → 0.0 BNB
[247] 0xdemo092 → 0.0 BNB
[248] 0xdemo093 → 0.0 BNB
[249] 0xdemo094 → 0.0 BNB
[250] 0xdemo095 → 0.0 BNB

===== Звіт BNB Balance =====
Дата: 2025-04-19 14:23:01.381248
Загальна кількість: 250
Загальний баланс: 0.000000 BNB

