===== Звіт GalxeFarm (відновлено) =====
Дата: 2025-04-19 11:13:27.923174
[Galxe] user201@example.com → 2 завдань → +0.36 USDT
[Galxe] user202@example.com → 2 завдань → +0.37 USDT
[Galxe] user203@example.com → 3 завдань → +0.55 USDT
[Galxe] user204@example.com → 2 завдань → +0.67 USDT
[Galxe] user205@example.com → 2 завдань → +0.38 USDT
[Galxe] user206@example.com → 2 завдань → +0.39 USDT
[Galxe] user207@example.com → 1 завдань → +0.27 USDT
[Galxe] user208@example.com → 2 завдань → +0.34 USDT
[Galxe] user209@example.com → 3 завдань → +0.97 USDT
[Galxe] user210@example.com → 2 завдань → +0.65 USDT
[Galxe] user211@example.com → 2 завдань → +0.44 USDT
[Galxe] user212@example.com → 1 завдань → +0.25 USDT
[Galxe] user213@example.com → 2 завдань → +0.64 USDT
[Galxe] user214@example.com → 3 завдань → +0.81 USDT
[Galxe] user215@example.com → 1 завдань → +0.30 USDT
[Galxe] user216@example.com → 3 завдань → +0.95 USDT
[Galxe] user217@example.com → 3 завдань → +0.92 USDT
[Galxe] user218@example.com → 2 завдань → +0.54 USDT
[Galxe] user219@example.com → 3 завдань → +0.86 USDT
[Galxe] user220@example.com → 1 завдань → +0.27 USDT
[Galxe] user221@example.com → 2 завдань → +0.39 USDT
[Galxe] user222@example.com → 1 завдань → +0.26 USDT
[Galxe] user223@example.com → 1 завдань → +0.33 USDT
[Galxe] user224@example.com → 3 завдань → +0.89 USDT
[Galxe] user225@example.com → 3 завдань → +0.50 USDT
[Galxe] user226@example.com → 1 завдань → +0.17 USDT
[Galxe] user227@example.com → 2 завдань → +0.47 USDT
[Galxe] user228@example.com → 1 завдань → +0.30 USDT
[Galxe] user229@example.com → 3 завдань → +0.79 USDT
[Galxe] user230@example.com → 3 завдань → +0.98 USDT
[Galxe] user231@example.com → 1 завдань → +0.23 USDT
[Galxe] user232@example.com → 1 завдань → +0.25 USDT
[Galxe] user233@example.com → 2 завдань → +0.64 USDT
[Galxe] user234@example.com → 2 завдань → +0.61 USDT
[Galxe] user235@example.com → 2 завдань → +0.52 USDT
[Galxe] user236@example.com → 1 завдань → +0.17 USDT
[Galxe] user237@example.com → 2 завдань → +0.59 USDT
[Galxe] user238@example.com → 3 завдань → +1.01 USDT
[Galxe] user239@example.com → 1 завдань → +0.20 USDT
[Galxe] user240@example.com → 2 завдань → +0.59 USDT
[Galxe] user241@example.com → 2 завдань → +0.59 USDT
[Galxe] user242@example.com → 2 завдань → +0.34 USDT
[Galxe] user243@example.com → 1 завдань → +0.22 USDT
[Galxe] user244@example.com → 1 завдань → +0.33 USDT
[Galxe] user245@example.com → 2 завдань → +0.32 USDT
[Galxe] user246@example.com → 1 завдань → +0.23 USDT
[Galxe] user247@example.com → 2 завдань → +0.39 USDT
[Galxe] user248@example.com → 2 завдань → +0.62 USDT
[Galxe] user249@example.com → 2 завдань → +0.68 USDT
[Galxe] user250@example.com → 3 завдань → +0.75 USDT
---------------------------------------------
[Galxe] Загальний прибуток за звіт: 25.29 USDT

