[2025-04-19 11:03:45.230545] • 0xc1aF4964fD55AbDe9CE290E3882e62C50cEa1C7a: баланс 0.0000 MATIC (менше 0.05)
[2025-04-19 11:03:45.511623] • 0xD315aEb53b9F32AdA4f4BF957917520F9EC71c35: баланс 0.0000 MATIC (менше 0.05)
[2025-04-19 11:03:45.771700] • 0x9737269eb8193F4E403CEEFacFAaa75348E06d38: баланс 0.0000 MATIC (менше 0.05)
[2025-04-19 11:03:52.306329] • 0x4D35774bF2946444c1e2E4f8b7F410140c4508a4: баланс 0.0000 MATIC (менше 0.05)
[2025-04-19 11:03:52.588515] • 0x0D5CEb4FEBb0C8f060c3c4E532A4E335febA53Aa: баланс 0.0000 MATIC (менше 0.05)
[2025-04-19 11:03:52.869465] • 0x4e98BA8B4aA5aeC637892d9d193EB9729fd90f8b: баланс 0.0000 MATIC (менше 0.05)
[2025-04-19 11:03:53.100044] • 0xBa8320D86be407da490f0c698ed77CA4Bf78F5E4: баланс 0.0000 MATIC (менше 0.05)
[2025-04-19 11:03:53.379137] • 0xba8cDa485a5b77F2D64567F7763cE7a976bc8306: баланс 0.0000 MATIC (менше 0.05)
[2025-04-19 11:03:53.636865] • 0x9CfB86fC1728611566b739848589CbE0D61aC85a: баланс 0.0000 MATIC (менше 0.05)
[2025-04-19 11:03:53.880046] • 0x5F34eEbE24Dca15AcCa3947e002fbd288a70de88: баланс 0.0000 MATIC (менше 0.05)
[2025-04-19 11:03:54.127092] • 0x46c3fB96eDa3374581020ba2647a4063e8e8D36a: баланс 0.0000 MATIC (менше 0.05)
[2025-04-19 11:03:54.403677] • 0x80Ac86a76F1d47E4CA3194163C10D75949cceE0D: баланс 0.0000 MATIC (менше 0.05)
[2025-04-19 11:03:54.633487] • 0x46A9f06597115B5108FcA9EEe2df02D6AE897aba: баланс 0.0000 MATIC (менше 0.05)
[2025-04-19 11:03:54.881151] • 0xa5ceBc572027CfDC65D2bC5e5C59D1DB01035377: баланс 0.0000 MATIC (менше 0.05)
[2025-04-19 11:03:55.123697] • 0x1aAdA22c1fcAF505a88C609a062b9E820bE9C204: баланс 0.0000 MATIC (менше 0.05)
[2025-04-19 11:03:55.333962] • 0xcFb1DF1797Ce0eaCB7bE3cD914696777dbA845f7: баланс 0.0000 MATIC (менше 0.05)
[2025-04-19 11:03:55.542932] • 0x676d48b6EB20352DB17db6Ef5aB24528750575ad: баланс 0.0000 MATIC (менше 0.05)
[2025-04-19 11:03:55.799624] • 0x7D28FacA75a6b3c8161DB0Bf94D726E8520E60a8: баланс 0.0000 MATIC (менше 0.05)
[2025-04-19 11:03:56.184080] • 0xbaaC765d77b838CE822F3528B4b4d8eb49892bA4: баланс 0.0000 MATIC (менше 0.05)
[2025-04-19 11:03:56.515358] • 0xf8F96b88a0fdb4193C6A11036c3f8d83D5690da8: баланс 0.0000 MATIC (менше 0.05)
[2025-04-19 11:03:56.845748] • 0x7a0708762bf06D9dD1d9E25C3cD4A8f49D41667b: баланс 0.0000 MATIC (менше 0.05)
[2025-04-19 11:03:57.173290] • 0x3eB608A2B8593DF82E5029D9D9524AD23cDE7e9b: баланс 0.0000 MATIC (менше 0.05)
[2025-04-19 11:03:57.492461] • 0x0F930d550E51dF4a0FEd6bE447c67B4e16AaF958: баланс 0.0000 MATIC (менше 0.05)
[2025-04-19 11:03:57.797059] • 0xeccd58e60EC397e95fDc1924aC62Aae6D8f81333: баланс 0.0000 MATIC (менше 0.05)
[2025-04-19 11:03:58.109019] • 0x10C758a26ad3B71dCF71301F1965b08728fbb353: баланс 0.0000 MATIC (менше 0.05)
[2025-04-19 11:03:58.404184] • 0xD6399F2A9297670E58998377C9D7F4AbD197a22E: баланс 0.0000 MATIC (менше 0.05)
[2025-04-19 11:03:58.737886] • 0x525FC1702Fd5f04be2FbB342066cC1a5b7eF4b9C: баланс 0.0000 MATIC (менше 0.05)
[2025-04-19 11:03:59.111551] • 0x700d53c239c1f6c3DCf06a00FCb501FD72a27f35: баланс 0.0000 MATIC (менше 0.05)
[2025-04-19 11:03:59.478588] • 0x9351009bf9326FB1ac6aEBf152b2C9a747536235: баланс 0.0000 MATIC (менше 0.05)
[2025-04-19 11:03:59.781324] • 0x47DFA83262100cdC42Aed6cB271B5d2b5bA65F11: баланс 0.0000 MATIC (менше 0.05)
[2025-04-19 11:04:00.084208] • 0x2f18e43d8D8a4905Dcc456aea5ed3E3CA94aC9cD: баланс 0.0000 MATIC (менше 0.05)
[2025-04-19 11:04:00.420110] • 0x57d56366ffCdDE4EAc5fFf0158b0BcCc0f8F1fD9: баланс 0.0000 MATIC (менше 0.05)
[2025-04-19 11:04:00.768334] • 0xd1496EC012D227AbA501b5dFD941e0BD73A7085C: баланс 0.0000 MATIC (менше 0.05)
[2025-04-19 11:04:01.098475] • 0x9abA3e22166304284E06c6d46a6C802144eFC989: баланс 0.0000 MATIC (менше 0.05)
[2025-04-19 11:04:01.466915] • 0x071432287eFA690370E90064f14147F09157Cfce: баланс 0.0000 MATIC (менше 0.05)
[2025-04-19 11:04:01.746963] • 0xE052871A046B6fC1fF2D69b00B64D6b58a9277b2: баланс 0.0000 MATIC (менше 0.05)
[2025-04-19 11:04:02.254574] • 0x9188D3Fcdd8C5509b407d37128a9E82b7A4a8325: баланс 0.0000 MATIC (менше 0.05)
[2025-04-19 11:04:02.554537] • 0x39F7691ecECe138582c99e3e3a0BCE39ede5e438: баланс 0.0000 MATIC (менше 0.05)
[2025-04-19 11:04:02.874514] • 0xb7c4A002D7Dad31E466b88c30FCEAB105B44c83e: баланс 0.0000 MATIC (менше 0.05)
[2025-04-19 11:04:03.191966] • 0x572BF7d278555f099808156704cDb691c61C7F5b: баланс 0.0000 MATIC (менше 0.05)
[2025-04-19 11:04:03.474960] • 0x642B684e6669e765db8B1c2F4979E2452d84Da1d: баланс 0.0000 MATIC (менше 0.05)
[2025-04-19 11:04:03.755580] • 0xce4C667984Adf65229de670EBF0A4cb8A494Db7E: баланс 0.0000 MATIC (менше 0.05)
[2025-04-19 11:04:04.060417] • 0xc42734b770852FA80bBa2d9075408B6563EeB1F2: баланс 0.0000 MATIC (менше 0.05)
[2025-04-19 11:04:04.368109] • 0x044202f8dCA8d0c4245B697D81dF2744DFc0752a: баланс 0.0000 MATIC (менше 0.05)
[2025-04-19 11:04:04.710621] • 0x0477159C19b9051C29B873D232D77Aa49225aD6D: баланс 0.0000 MATIC (менше 0.05)
[2025-04-19 11:04:05.032573] • 0x3142192dA9D1543EF1fC5988Dd7b11ad94931B4E: баланс 0.0000 MATIC (менше 0.05)
[2025-04-19 11:04:05.375769] • 0x238521A9d94089A4A86aA487E22e4c87580BA4D3: баланс 0.0000 MATIC (менше 0.05)
[2025-04-19 11:04:05.710433] • 0xd3370e7E9a66d0531DFE8a4f868ED36C20Fd0437: баланс 0.0000 MATIC (менше 0.05)
[2025-04-19 11:04:06.062826] • 0xdEDb5C2Ca6a4A8D640Db6Cf59d5c831441EA50A6: баланс 0.0000 MATIC (менше 0.05)
[2025-04-19 11:04:07.726159] • 0x7B8F177F14b15eC6b25188e42E10DbB16257e306: баланс 0.0000 MATIC (менше 0.05)
[2025-04-19 11:04:08.042159] • 0xaee2c281D254b203AC69Bee40426DBd327B88Bd7: баланс 0.0000 MATIC (менше 0.05)
[2025-04-19 11:04:08.354544] • 0x63092A0325Dd22f1583C81DC8D94d728f9d5cb9C: баланс 0.0000 MATIC (менше 0.05)
[2025-04-19 11:04:08.662114] • 0x0f90FcB087EfDc0ac363AE9af58570B11Bf16Bc3: баланс 0.0000 MATIC (менше 0.05)
[2025-04-19 11:04:08.974404] • 0x2179ecC4c01c9a338f82A568A288A0E29576CB18: баланс 0.0000 MATIC (менше 0.05)
[2025-04-19 11:04:09.309954] • 0x1b703D744626629982155a880147A38Cb7CA43d4: баланс 0.0000 MATIC (менше 0.05)
[2025-04-19 11:04:09.631354] • 0x095F4b15F76E507Aca6A01aE1A3eA7fBd739697c: баланс 0.0000 MATIC (менше 0.05)
[2025-04-19 11:04:09.970742] • 0x647ed5799e836f9b073d5E3993E29a678bc751B7: баланс 0.0000 MATIC (менше 0.05)
[2025-04-19 11:04:10.321995] • 0xDa870BC49E215d084785cc024c7676336837c93D: баланс 0.0000 MATIC (менше 0.05)
[2025-04-19 11:04:10.658654] • 0x68094f10a6888Ff5FFb5F34408B376e3D025A955: баланс 0.0000 MATIC (менше 0.05)
[2025-04-19 11:04:11.004165] • 0xb6AAa2944368d6bA7812b6A61492C9E55FFfF2C0: баланс 0.0000 MATIC (менше 0.05)
[2025-04-19 11:04:11.377890] • 0x44522b30F1188cbe7A48e76Ef9b135EC6D386C42: баланс 0.0000 MATIC (менше 0.05)
[2025-04-19 11:04:11.735658] • 0x201a4aF0946955FfEB0d45C406Dc7E6368fBacf3: баланс 0.0000 MATIC (менше 0.05)
[2025-04-19 11:04:12.043791] • 0x17D8C843452053c288979e98154827880fEb4d8F: баланс 0.0000 MATIC (менше 0.05)
[2025-04-19 11:04:12.362550] • 0xF01e2642718EDad8fe4D169c09AEd399220c1808: баланс 0.0000 MATIC (менше 0.05)
[2025-04-19 11:04:12.655439] • 0xebcD553dE10d6B81bAbce3B977A61A6bc8732A0B: баланс 0.0000 MATIC (менше 0.05)
[2025-04-19 11:04:12.964459] • 0x145a02E13e4bD40BCe783a3b7D0e46C7c168a553: баланс 0.0000 MATIC (менше 0.05)
[2025-04-19 11:04:13.318431] • 0xB46853Eac525440f4e0971589E1cD977580f6068: баланс 0.0000 MATIC (менше 0.05)
[2025-04-19 11:04:13.638714] • 0x433ecFC39775F00b3E12562554fecFAFe6DeD29b: баланс 0.0000 MATIC (менше 0.05)
[2025-04-19 11:04:13.967627] • 0x82214e475AfBe3473639455fAA7149D5Ee027b11: баланс 0.0000 MATIC (менше 0.05)
[2025-04-19 11:04:14.287082] • 0x72546778009c6217c0B3c74e7c025b9606317751: баланс 0.0000 MATIC (менше 0.05)
[2025-04-19 11:04:14.572275] • 0xeAFbCC33e95479bCF12f0919986cf52405F3cD3E: баланс 0.0000 MATIC (менше 0.05)
[2025-04-19 11:04:14.817684] • 0x51b46CF686520d23822f3B818B2Aae4428968749: баланс 0.0000 MATIC (менше 0.05)
[2025-04-19 11:04:15.110080] • 0x4Fe4e6ec94bD28E8e8d8D43cf1D5d06d96cca5FC: баланс 0.0000 MATIC (менше 0.05)
[2025-04-19 11:04:15.346405] • 0x7b96E520b17Ebe1fC78224a3e494473584D742c8: баланс 0.0000 MATIC (менше 0.05)
[2025-04-19 11:04:15.595033] • 0xc1D3fAb8Ae26BdE204A29a4BBA4C35dC30B1e6C2: баланс 0.0000 MATIC (менше 0.05)
[2025-04-19 11:04:15.940854] • 0x672dA4227EcE8b701A75C695901b102f4f5e4C56: баланс 0.0000 MATIC (менше 0.05)
[2025-04-19 11:04:16.249071] • 0x73fE35d282e5Fd3e8345CE24840Ef280e075B11f: баланс 0.0000 MATIC (менше 0.05)
[2025-04-19 11:04:16.539107] • 0xC034AC3dD7C0b5EbFbAcc685acF774d7022dE588: баланс 0.0000 MATIC (менше 0.05)
[2025-04-19 11:04:16.882282] • 0x33A31A9e9dC1FF0A710Dcd98fd169ba8Bfe9bbdE: баланс 0.0000 MATIC (менше 0.05)
[2025-04-19 11:04:17.319200] • 0xaC762EFc746f934C1945e288069da5b968173a20: баланс 0.0000 MATIC (менше 0.05)
[2025-04-19 11:04:17.627013] • 0x315CdD21Ff3F5b75C1C553238aEcFFA117555e9E: баланс 0.0000 MATIC (менше 0.05)
[2025-04-19 11:04:17.889340] • 0x7025644eF87698CF0f431A89c87eA6E9D9E46D9a: баланс 0.0000 MATIC (менше 0.05)
[2025-04-19 11:04:18.177634] • 0x376Ee97D0aD70695d6E1b66dc36E09968D9f8E8F: баланс 0.0000 MATIC (менше 0.05)
[2025-04-19 11:04:18.513571] • 0x670AF157fAFe2d5256E830dEdc48a63851cC0245: баланс 0.0000 MATIC (менше 0.05)
[2025-04-19 11:04:18.807803] • 0xE258D64EDD1c1B963AacAE24C8d54c5295894F7b: баланс 0.0000 MATIC (менше 0.05)
[2025-04-19 11:04:19.113487] • 0x1B991B5eba0E7f115BFa4097fD0B16B148eA65Cf: баланс 0.0000 MATIC (менше 0.05)
[2025-04-19 11:04:19.474692] • 0x7CEb08db82Bb3fEC30A615C91ceCE4982875325A: баланс 0.0000 MATIC (менше 0.05)
[2025-04-19 11:04:19.774529] • 0x3E8738A08F6cEEfC4016937e16D8f62b4200c636: баланс 0.0000 MATIC (менше 0.05)
[2025-04-19 11:04:20.050147] • 0xd70cfcCBbDE4d607Fc16dAFAceE3ed80A91Dd03b: баланс 0.0000 MATIC (менше 0.05)
[2025-04-19 11:04:20.377622] • 0x04CD54A8467c55FF1ACdb752563643Bd1aA3c76c: баланс 0.0000 MATIC (менше 0.05)
[2025-04-19 11:04:20.687310] • 0x04E5756840c212E47115555EabA2D4CFaccEfF25: баланс 0.0000 MATIC (менше 0.05)
[2025-04-19 11:04:20.993576] • 0x34a76F9Ac8e3A4F35f0a29cc263282392167828b: баланс 0.0000 MATIC (менше 0.05)
[2025-04-19 11:04:21.327973] • 0x45C217BeA346D6d11Fe18078a86f1365B505E45B: баланс 0.0000 MATIC (менше 0.05)
[2025-04-19 11:04:21.644789] • 0x27BaC031f2A4938a1ab77289e49C263629E251f1: баланс 0.0000 MATIC (менше 0.05)
[2025-04-19 11:04:21.973006] • 0xa8c71166b153647f6C8b46fCfFf255E6d1133D9d: баланс 0.0000 MATIC (менше 0.05)
[2025-04-19 11:04:22.272001] • 0xA53185a26b2A988Be83b74ae3aC2b05b0De77720: баланс 0.0000 MATIC (менше 0.05)
[2025-04-19 11:04:22.591809] • 0xE7DE5869c33c25Cb69e91aE3e10D27fb438275A9: баланс 0.0000 MATIC (менше 0.05)
[2025-04-19 11:04:22.840341] • 0x95a12f0EcDd81CBB9B8aFcb748987678E167920E: баланс 0.0000 MATIC (менше 0.05)
[2025-04-19 11:04:23.121411] • 0xD2493d98180b5de3654d5ff7fdD91F38b6d0eBc0: баланс 0.0000 MATIC (менше 0.05)
[2025-04-19 11:04:24.146249] • 0x4763E3621B629519FCa3F750f383076Ae11bc509: баланс 0.0000 MATIC (менше 0.05)
[2025-04-19 11:04:24.147211] Завершено: 0 виводів, 0.0000 MATIC виведено.
[2025-04-19 11:16:33.036775] • 0xc1aF4964fD55AbDe9CE290E3882e62C50cEa1C7a: баланс 0.0000 MATIC (менше 0.05)
[2025-04-19 11:16:33.232489] • 0xD315aEb53b9F32AdA4f4BF957917520F9EC71c35: баланс 0.0000 MATIC (менше 0.05)
[2025-04-19 11:16:33.433631] • 0x9737269eb8193F4E403CEEFacFAaa75348E06d38: баланс 0.0000 MATIC (менше 0.05)
[2025-04-19 11:16:33.637736] • 0x4D35774bF2946444c1e2E4f8b7F410140c4508a4: баланс 0.0000 MATIC (менше 0.05)
[2025-04-19 11:16:33.854599] • 0x0D5CEb4FEBb0C8f060c3c4E532A4E335febA53Aa: баланс 0.0000 MATIC (менше 0.05)
[2025-04-19 11:16:34.074674] • 0x4e98BA8B4aA5aeC637892d9d193EB9729fd90f8b: баланс 0.0000 MATIC (менше 0.05)
[2025-04-19 11:16:34.314264] • 0xBa8320D86be407da490f0c698ed77CA4Bf78F5E4: баланс 0.0000 MATIC (менше 0.05)
[2025-04-19 11:16:34.560467] • 0xba8cDa485a5b77F2D64567F7763cE7a976bc8306: баланс 0.0000 MATIC (менше 0.05)
[2025-04-19 11:16:34.781118] • 0x9CfB86fC1728611566b739848589CbE0D61aC85a: баланс 0.0000 MATIC (менше 0.05)
[2025-04-19 11:16:35.000025] • 0x5F34eEbE24Dca15AcCa3947e002fbd288a70de88: баланс 0.0000 MATIC (менше 0.05)
[2025-04-19 11:16:35.241733] • 0x46c3fB96eDa3374581020ba2647a4063e8e8D36a: баланс 0.0000 MATIC (менше 0.05)
[2025-04-19 11:16:35.444484] • 0x80Ac86a76F1d47E4CA3194163C10D75949cceE0D: баланс 0.0000 MATIC (менше 0.05)
[2025-04-19 11:16:35.660657] • 0x46A9f06597115B5108FcA9EEe2df02D6AE897aba: баланс 0.0000 MATIC (менше 0.05)
[2025-04-19 11:16:35.868374] • 0xa5ceBc572027CfDC65D2bC5e5C59D1DB01035377: баланс 0.0000 MATIC (менше 0.05)
[2025-04-19 11:16:36.343240] • 0x1aAdA22c1fcAF505a88C609a062b9E820bE9C204: баланс 0.0000 MATIC (менше 0.05)
[2025-04-19 11:16:36.565862] • 0xcFb1DF1797Ce0eaCB7bE3cD914696777dbA845f7: баланс 0.0000 MATIC (менше 0.05)
[2025-04-19 11:16:36.811194] • 0x676d48b6EB20352DB17db6Ef5aB24528750575ad: баланс 0.0000 MATIC (менше 0.05)
[2025-04-19 11:16:37.041478] • 0x7D28FacA75a6b3c8161DB0Bf94D726E8520E60a8: баланс 0.0000 MATIC (менше 0.05)
[2025-04-19 11:16:37.274965] • 0xbaaC765d77b838CE822F3528B4b4d8eb49892bA4: баланс 0.0000 MATIC (менше 0.05)
[2025-04-19 11:16:37.532065] • 0xf8F96b88a0fdb4193C6A11036c3f8d83D5690da8: баланс 0.0000 MATIC (менше 0.05)
[2025-04-19 11:16:37.786205] • 0x7a0708762bf06D9dD1d9E25C3cD4A8f49D41667b: баланс 0.0000 MATIC (менше 0.05)
[2025-04-19 11:16:38.030750] • 0x3eB608A2B8593DF82E5029D9D9524AD23cDE7e9b: баланс 0.0000 MATIC (менше 0.05)
[2025-04-19 11:16:38.231767] • 0x0F930d550E51dF4a0FEd6bE447c67B4e16AaF958: баланс 0.0000 MATIC (менше 0.05)
[2025-04-19 11:16:38.452149] • 0xeccd58e60EC397e95fDc1924aC62Aae6D8f81333: баланс 0.0000 MATIC (менше 0.05)
[2025-04-19 11:16:38.679034] • 0x10C758a26ad3B71dCF71301F1965b08728fbb353: баланс 0.0000 MATIC (менше 0.05)
[2025-04-19 11:16:38.878106] • 0xD6399F2A9297670E58998377C9D7F4AbD197a22E: баланс 0.0000 MATIC (менше 0.05)
[2025-04-19 11:16:39.107055] • 0x525FC1702Fd5f04be2FbB342066cC1a5b7eF4b9C: баланс 0.0000 MATIC (менше 0.05)
[2025-04-19 11:16:39.346089] • 0x700d53c239c1f6c3DCf06a00FCb501FD72a27f35: баланс 0.0000 MATIC (менше 0.05)
[2025-04-19 11:16:39.561003] • 0x9351009bf9326FB1ac6aEBf152b2C9a747536235: баланс 0.0000 MATIC (менше 0.05)
[2025-04-19 11:16:39.795562] • 0x47DFA83262100cdC42Aed6cB271B5d2b5bA65F11: баланс 0.0000 MATIC (менше 0.05)
[2025-04-19 11:16:39.989857] • 0x2f18e43d8D8a4905Dcc456aea5ed3E3CA94aC9cD: баланс 0.0000 MATIC (менше 0.05)
[2025-04-19 11:16:40.209862] • 0x57d56366ffCdDE4EAc5fFf0158b0BcCc0f8F1fD9: баланс 0.0000 MATIC (менше 0.05)
[2025-04-19 11:16:40.431536] • 0xd1496EC012D227AbA501b5dFD941e0BD73A7085C: баланс 0.0000 MATIC (менше 0.05)
[2025-04-19 11:16:40.628522] • 0x9abA3e22166304284E06c6d46a6C802144eFC989: баланс 0.0000 MATIC (менше 0.05)
[2025-04-19 11:16:40.846879] • 0x071432287eFA690370E90064f14147F09157Cfce: баланс 0.0000 MATIC (менше 0.05)
[2025-04-19 11:16:41.133443] • 0xE052871A046B6fC1fF2D69b00B64D6b58a9277b2: баланс 0.0000 MATIC (менше 0.05)
[2025-04-19 11:16:41.415392] • 0x9188D3Fcdd8C5509b407d37128a9E82b7A4a8325: баланс 0.0000 MATIC (менше 0.05)
[2025-04-19 11:16:41.665411] • 0x39F7691ecECe138582c99e3e3a0BCE39ede5e438: баланс 0.0000 MATIC (менше 0.05)
[2025-04-19 11:16:41.925623] • 0xb7c4A002D7Dad31E466b88c30FCEAB105B44c83e: баланс 0.0000 MATIC (менше 0.05)
[2025-04-19 11:16:42.172952] • 0x572BF7d278555f099808156704cDb691c61C7F5b: баланс 0.0000 MATIC (менше 0.05)
[2025-04-19 11:16:42.439539] • 0x642B684e6669e765db8B1c2F4979E2452d84Da1d: баланс 0.0000 MATIC (менше 0.05)
[2025-04-19 11:16:42.709536] • 0xce4C667984Adf65229de670EBF0A4cb8A494Db7E: баланс 0.0000 MATIC (менше 0.05)
[2025-04-19 11:16:42.948685] • 0xc42734b770852FA80bBa2d9075408B6563EeB1F2: баланс 0.0000 MATIC (менше 0.05)
[2025-04-19 11:16:43.194604] • 0x044202f8dCA8d0c4245B697D81dF2744DFc0752a: баланс 0.0000 MATIC (менше 0.05)
[2025-04-19 11:16:43.454046] • 0x0477159C19b9051C29B873D232D77Aa49225aD6D: баланс 0.0000 MATIC (менше 0.05)
[2025-04-19 11:16:43.698193] • 0x3142192dA9D1543EF1fC5988Dd7b11ad94931B4E: баланс 0.0000 MATIC (менше 0.05)
[2025-04-19 11:16:43.924144] • 0x238521A9d94089A4A86aA487E22e4c87580BA4D3: баланс 0.0000 MATIC (менше 0.05)
[2025-04-19 11:16:44.148179] • 0xd3370e7E9a66d0531DFE8a4f868ED36C20Fd0437: баланс 0.0000 MATIC (менше 0.05)
[2025-04-19 11:16:44.376194] • 0xdEDb5C2Ca6a4A8D640Db6Cf59d5c831441EA50A6: баланс 0.0000 MATIC (менше 0.05)
[2025-04-19 11:16:44.603143] • 0x7B8F177F14b15eC6b25188e42E10DbB16257e306: баланс 0.0000 MATIC (менше 0.05)
[2025-04-19 11:16:44.829105] • 0xaee2c281D254b203AC69Bee40426DBd327B88Bd7: баланс 0.0000 MATIC (менше 0.05)
[2025-04-19 11:16:45.048359] • 0x63092A0325Dd22f1583C81DC8D94d728f9d5cb9C: баланс 0.0000 MATIC (менше 0.05)
[2025-04-19 11:16:45.752265] • 0x0f90FcB087EfDc0ac363AE9af58570B11Bf16Bc3: баланс 0.0000 MATIC (менше 0.05)
[2025-04-19 11:16:45.979210] • 0x2179ecC4c01c9a338f82A568A288A0E29576CB18: баланс 0.0000 MATIC (менше 0.05)
[2025-04-19 11:16:46.205351] • 0x1b703D744626629982155a880147A38Cb7CA43d4: баланс 0.0000 MATIC (менше 0.05)
[2025-04-19 11:16:46.442274] • 0x095F4b15F76E507Aca6A01aE1A3eA7fBd739697c: баланс 0.0000 MATIC (менше 0.05)
[2025-04-19 11:16:46.658397] • 0x647ed5799e836f9b073d5E3993E29a678bc751B7: баланс 0.0000 MATIC (менше 0.05)
[2025-04-19 11:16:46.880731] • 0xDa870BC49E215d084785cc024c7676336837c93D: баланс 0.0000 MATIC (менше 0.05)
[2025-04-19 11:16:47.096692] • 0x68094f10a6888Ff5FFb5F34408B376e3D025A955: баланс 0.0000 MATIC (менше 0.05)
[2025-04-19 11:16:47.328647] • 0xb6AAa2944368d6bA7812b6A61492C9E55FFfF2C0: баланс 0.0000 MATIC (менше 0.05)
[2025-04-19 11:16:47.554595] • 0x44522b30F1188cbe7A48e76Ef9b135EC6D386C42: баланс 0.0000 MATIC (менше 0.05)
[2025-04-19 11:16:47.781583] • 0x201a4aF0946955FfEB0d45C406Dc7E6368fBacf3: баланс 0.0000 MATIC (менше 0.05)
[2025-04-19 11:16:48.017716] • 0x17D8C843452053c288979e98154827880fEb4d8F: баланс 0.0000 MATIC (менше 0.05)
[2025-04-19 11:16:48.245524] • 0xF01e2642718EDad8fe4D169c09AEd399220c1808: баланс 0.0000 MATIC (менше 0.05)
[2025-04-19 11:16:48.466144] • 0xebcD553dE10d6B81bAbce3B977A61A6bc8732A0B: баланс 0.0000 MATIC (менше 0.05)
[2025-04-19 11:16:48.702693] • 0x145a02E13e4bD40BCe783a3b7D0e46C7c168a553: баланс 0.0000 MATIC (менше 0.05)
[2025-04-19 11:16:48.944804] • 0xB46853Eac525440f4e0971589E1cD977580f6068: баланс 0.0000 MATIC (менше 0.05)
[2025-04-19 11:16:49.170568] • 0x433ecFC39775F00b3E12562554fecFAFe6DeD29b: баланс 0.0000 MATIC (менше 0.05)
[2025-04-19 11:16:49.387346] • 0x82214e475AfBe3473639455fAA7149D5Ee027b11: баланс 0.0000 MATIC (менше 0.05)
[2025-04-19 11:16:49.618477] • 0x72546778009c6217c0B3c74e7c025b9606317751: баланс 0.0000 MATIC (менше 0.05)
[2025-04-19 11:16:49.979622] • 0xeAFbCC33e95479bCF12f0919986cf52405F3cD3E: баланс 0.0000 MATIC (менше 0.05)
[2025-04-19 11:16:50.240524] • 0x51b46CF686520d23822f3B818B2Aae4428968749: баланс 0.0000 MATIC (менше 0.05)
[2025-04-19 11:16:50.482993] • 0x4Fe4e6ec94bD28E8e8d8D43cf1D5d06d96cca5FC: баланс 0.0000 MATIC (менше 0.05)
[2025-04-19 11:16:50.707817] • 0x7b96E520b17Ebe1fC78224a3e494473584D742c8: баланс 0.0000 MATIC (менше 0.05)
[2025-04-19 11:16:50.941456] • 0xc1D3fAb8Ae26BdE204A29a4BBA4C35dC30B1e6C2: баланс 0.0000 MATIC (менше 0.05)
[2025-04-19 11:16:51.183881] • 0x672dA4227EcE8b701A75C695901b102f4f5e4C56: баланс 0.0000 MATIC (менше 0.05)
[2025-04-19 11:16:51.416160] • 0x73fE35d282e5Fd3e8345CE24840Ef280e075B11f: баланс 0.0000 MATIC (менше 0.05)
[2025-04-19 11:16:51.653896] • 0xC034AC3dD7C0b5EbFbAcc685acF774d7022dE588: баланс 0.0000 MATIC (менше 0.05)
[2025-04-19 11:16:51.932013] • 0x33A31A9e9dC1FF0A710Dcd98fd169ba8Bfe9bbdE: баланс 0.0000 MATIC (менше 0.05)
[2025-04-19 11:16:52.180485] • 0xaC762EFc746f934C1945e288069da5b968173a20: баланс 0.0000 MATIC (менше 0.05)
[2025-04-19 11:16:52.421520] • 0x315CdD21Ff3F5b75C1C553238aEcFFA117555e9E: баланс 0.0000 MATIC (менше 0.05)
[2025-04-19 11:16:52.678501] • 0x7025644eF87698CF0f431A89c87eA6E9D9E46D9a: баланс 0.0000 MATIC (менше 0.05)
[2025-04-19 11:16:52.924903] • 0x376Ee97D0aD70695d6E1b66dc36E09968D9f8E8F: баланс 0.0000 MATIC (менше 0.05)
[2025-04-19 11:16:53.152378] • 0x670AF157fAFe2d5256E830dEdc48a63851cC0245: баланс 0.0000 MATIC (менше 0.05)
[2025-04-19 11:16:53.384756] • 0xE258D64EDD1c1B963AacAE24C8d54c5295894F7b: баланс 0.0000 MATIC (менше 0.05)
[2025-04-19 11:16:53.619830] • 0x1B991B5eba0E7f115BFa4097fD0B16B148eA65Cf: баланс 0.0000 MATIC (менше 0.05)
[2025-04-19 11:16:53.853971] • 0x7CEb08db82Bb3fEC30A615C91ceCE4982875325A: баланс 0.0000 MATIC (менше 0.05)
[2025-04-19 11:16:54.112659] • 0x3E8738A08F6cEEfC4016937e16D8f62b4200c636: баланс 0.0000 MATIC (менше 0.05)
[2025-04-19 11:16:54.359144] • 0xd70cfcCBbDE4d607Fc16dAFAceE3ed80A91Dd03b: баланс 0.0000 MATIC (менше 0.05)
[2025-04-19 11:16:54.608952] • 0x04CD54A8467c55FF1ACdb752563643Bd1aA3c76c: баланс 0.0000 MATIC (менше 0.05)
[2025-04-19 11:16:54.843920] • 0x04E5756840c212E47115555EabA2D4CFaccEfF25: баланс 0.0000 MATIC (менше 0.05)
[2025-04-19 11:16:55.060007] • 0x34a76F9Ac8e3A4F35f0a29cc263282392167828b: баланс 0.0000 MATIC (менше 0.05)
[2025-04-19 11:16:55.302087] • 0x45C217BeA346D6d11Fe18078a86f1365B505E45B: баланс 0.0000 MATIC (менше 0.05)
[2025-04-19 11:16:55.541727] • 0x27BaC031f2A4938a1ab77289e49C263629E251f1: баланс 0.0000 MATIC (менше 0.05)
[2025-04-19 11:16:55.758512] • 0xa8c71166b153647f6C8b46fCfFf255E6d1133D9d: баланс 0.0000 MATIC (менше 0.05)
[2025-04-19 11:16:55.994339] • 0xA53185a26b2A988Be83b74ae3aC2b05b0De77720: баланс 0.0000 MATIC (менше 0.05)
[2025-04-19 11:16:56.235344] • 0xE7DE5869c33c25Cb69e91aE3e10D27fb438275A9: баланс 0.0000 MATIC (менше 0.05)
[2025-04-19 11:16:56.877098] • 0x95a12f0EcDd81CBB9B8aFcb748987678E167920E: баланс 0.0000 MATIC (менше 0.05)
[2025-04-19 11:16:57.135084] • 0xD2493d98180b5de3654d5ff7fdD91F38b6d0eBc0: баланс 0.0000 MATIC (менше 0.05)
[2025-04-19 11:16:57.378390] • 0x4763E3621B629519FCa3F750f383076Ae11bc509: баланс 0.0000 MATIC (менше 0.05)
[2025-04-19 11:16:57.378712] Завершено: 0 виводів, 0.0000 MATIC виведено.
[2025-04-19 14:54:23.606000] • 0xc1aF4964fD55AbDe9CE290E3882e62C50cEa1C7a: баланс 0.0000 MATIC (менше 0.05)
[2025-04-19 14:54:23.952288] • 0xD315aEb53b9F32AdA4f4BF957917520F9EC71c35: баланс 0.0000 MATIC (менше 0.05)
[2025-04-19 14:54:24.233631] • 0x9737269eb8193F4E403CEEFacFAaa75348E06d38: баланс 0.0000 MATIC (менше 0.05)
[2025-04-19 14:54:24.569461] • 0x4D35774bF2946444c1e2E4f8b7F410140c4508a4: баланс 0.0000 MATIC (менше 0.05)
[2025-04-19 14:54:24.869317] • 0x0D5CEb4FEBb0C8f060c3c4E532A4E335febA53Aa: баланс 0.0000 MATIC (менше 0.05)
[2025-04-19 14:54:25.190366] • 0x4e98BA8B4aA5aeC637892d9d193EB9729fd90f8b: баланс 0.0000 MATIC (менше 0.05)
[2025-04-19 14:54:25.523604] • 0xBa8320D86be407da490f0c698ed77CA4Bf78F5E4: баланс 0.0000 MATIC (менше 0.05)
[2025-04-19 14:54:25.844918] • 0xba8cDa485a5b77F2D64567F7763cE7a976bc8306: баланс 0.0000 MATIC (менше 0.05)
[2025-04-19 14:54:26.509529] • 0x9CfB86fC1728611566b739848589CbE0D61aC85a: баланс 0.0000 MATIC (менше 0.05)
[2025-04-19 14:54:26.883581] • 0x5F34eEbE24Dca15AcCa3947e002fbd288a70de88: баланс 0.0000 MATIC (менше 0.05)
[2025-04-19 14:54:27.202039] • 0x46c3fB96eDa3374581020ba2647a4063e8e8D36a: баланс 0.0000 MATIC (менше 0.05)
[2025-04-19 14:54:27.566099] • 0x80Ac86a76F1d47E4CA3194163C10D75949cceE0D: баланс 0.0000 MATIC (менше 0.05)
[2025-04-19 14:54:27.875926] • 0x46A9f06597115B5108FcA9EEe2df02D6AE897aba: баланс 0.0000 MATIC (менше 0.05)
[2025-04-19 14:54:28.188257] • 0xa5ceBc572027CfDC65D2bC5e5C59D1DB01035377: баланс 0.0000 MATIC (менше 0.05)
[2025-04-19 14:54:28.506643] • 0x1aAdA22c1fcAF505a88C609a062b9E820bE9C204: баланс 0.0000 MATIC (менше 0.05)
[2025-04-19 14:54:28.807761] • 0xcFb1DF1797Ce0eaCB7bE3cD914696777dbA845f7: баланс 0.0000 MATIC (менше 0.05)
[2025-04-19 14:54:29.110656] • 0x676d48b6EB20352DB17db6Ef5aB24528750575ad: баланс 0.0000 MATIC (менше 0.05)
[2025-04-19 14:54:29.394807] • 0x7D28FacA75a6b3c8161DB0Bf94D726E8520E60a8: баланс 0.0000 MATIC (менше 0.05)
[2025-04-19 14:54:29.707267] • 0xbaaC765d77b838CE822F3528B4b4d8eb49892bA4: баланс 0.0000 MATIC (менше 0.05)
[2025-04-19 14:54:30.036202] • 0xf8F96b88a0fdb4193C6A11036c3f8d83D5690da8: баланс 0.0000 MATIC (менше 0.05)
[2025-04-19 14:54:30.339614] • 0x7a0708762bf06D9dD1d9E25C3cD4A8f49D41667b: баланс 0.0000 MATIC (менше 0.05)
[2025-04-19 14:54:30.645171] • 0x3eB608A2B8593DF82E5029D9D9524AD23cDE7e9b: баланс 0.0000 MATIC (менше 0.05)
[2025-04-19 14:54:30.950092] • 0x0F930d550E51dF4a0FEd6bE447c67B4e16AaF958: баланс 0.0000 MATIC (менше 0.05)
[2025-04-19 14:54:31.268764] • 0xeccd58e60EC397e95fDc1924aC62Aae6D8f81333: баланс 0.0000 MATIC (менше 0.05)
[2025-04-19 14:54:31.574310] • 0x10C758a26ad3B71dCF71301F1965b08728fbb353: баланс 0.0000 MATIC (менше 0.05)
[2025-04-19 14:54:31.883720] • 0xD6399F2A9297670E58998377C9D7F4AbD197a22E: баланс 0.0000 MATIC (менше 0.05)
[2025-04-19 14:54:32.188769] • 0x525FC1702Fd5f04be2FbB342066cC1a5b7eF4b9C: баланс 0.0000 MATIC (менше 0.05)
[2025-04-19 14:54:32.512501] • 0x700d53c239c1f6c3DCf06a00FCb501FD72a27f35: баланс 0.0000 MATIC (менше 0.05)
[2025-04-19 14:54:32.808148] • 0x9351009bf9326FB1ac6aEBf152b2C9a747536235: баланс 0.0000 MATIC (менше 0.05)
[2025-04-19 14:54:33.117590] • 0x47DFA83262100cdC42Aed6cB271B5d2b5bA65F11: баланс 0.0000 MATIC (менше 0.05)
[2025-04-19 14:54:33.461638] • 0x2f18e43d8D8a4905Dcc456aea5ed3E3CA94aC9cD: баланс 0.0000 MATIC (менше 0.05)
[2025-04-19 14:54:33.811051] • 0x57d56366ffCdDE4EAc5fFf0158b0BcCc0f8F1fD9: баланс 0.0000 MATIC (менше 0.05)
[2025-04-19 14:54:34.125779] • 0xd1496EC012D227AbA501b5dFD941e0BD73A7085C: баланс 0.0000 MATIC (менше 0.05)
[2025-04-19 14:54:34.986881] • 0x9abA3e22166304284E06c6d46a6C802144eFC989: баланс 0.0000 MATIC (менше 0.05)
[2025-04-19 14:54:35.296220] • 0x071432287eFA690370E90064f14147F09157Cfce: баланс 0.0000 MATIC (менше 0.05)
[2025-04-19 14:54:35.609032] • 0xE052871A046B6fC1fF2D69b00B64D6b58a9277b2: баланс 0.0000 MATIC (менше 0.05)
[2025-04-19 14:54:35.923086] • 0x9188D3Fcdd8C5509b407d37128a9E82b7A4a8325: баланс 0.0000 MATIC (менше 0.05)
[2025-04-19 14:54:36.234540] • 0x39F7691ecECe138582c99e3e3a0BCE39ede5e438: баланс 0.0000 MATIC (менше 0.05)
[2025-04-19 14:54:36.535763] • 0xb7c4A002D7Dad31E466b88c30FCEAB105B44c83e: баланс 0.0000 MATIC (менше 0.05)
[2025-04-19 14:54:36.826874] • 0x572BF7d278555f099808156704cDb691c61C7F5b: баланс 0.0000 MATIC (менше 0.05)
[2025-04-19 14:54:37.120592] • 0x642B684e6669e765db8B1c2F4979E2452d84Da1d: баланс 0.0000 MATIC (менше 0.05)
[2025-04-19 14:54:37.417758] • 0xce4C667984Adf65229de670EBF0A4cb8A494Db7E: баланс 0.0000 MATIC (менше 0.05)
[2025-04-19 14:54:37.717158] • 0xc42734b770852FA80bBa2d9075408B6563EeB1F2: баланс 0.0000 MATIC (менше 0.05)
[2025-04-19 14:54:38.046698] • 0x044202f8dCA8d0c4245B697D81dF2744DFc0752a: баланс 0.0000 MATIC (менше 0.05)
[2025-04-19 14:54:38.374236] • 0x0477159C19b9051C29B873D232D77Aa49225aD6D: баланс 0.0000 MATIC (менше 0.05)
[2025-04-19 14:54:38.674720] • 0x3142192dA9D1543EF1fC5988Dd7b11ad94931B4E: баланс 0.0000 MATIC (менше 0.05)
[2025-04-19 14:54:38.962774] • 0x238521A9d94089A4A86aA487E22e4c87580BA4D3: баланс 0.0000 MATIC (менше 0.05)
[2025-04-19 14:54:39.263564] • 0xd3370e7E9a66d0531DFE8a4f868ED36C20Fd0437: баланс 0.0000 MATIC (менше 0.05)
[2025-04-19 14:54:39.574797] • 0xdEDb5C2Ca6a4A8D640Db6Cf59d5c831441EA50A6: баланс 0.0000 MATIC (менше 0.05)
[2025-04-19 14:54:39.879014] • 0x7B8F177F14b15eC6b25188e42E10DbB16257e306: баланс 0.0000 MATIC (менше 0.05)
[2025-04-19 14:54:40.188020] • 0xaee2c281D254b203AC69Bee40426DBd327B88Bd7: баланс 0.0000 MATIC (менше 0.05)
[2025-04-19 14:54:40.477296] • 0x63092A0325Dd22f1583C81DC8D94d728f9d5cb9C: баланс 0.0000 MATIC (менше 0.05)
[2025-04-19 14:54:40.776825] • 0x0f90FcB087EfDc0ac363AE9af58570B11Bf16Bc3: баланс 0.0000 MATIC (менше 0.05)
[2025-04-19 14:54:41.084908] • 0x2179ecC4c01c9a338f82A568A288A0E29576CB18: баланс 0.0000 MATIC (менше 0.05)
[2025-04-19 14:54:41.401879] • 0x1b703D744626629982155a880147A38Cb7CA43d4: баланс 0.0000 MATIC (менше 0.05)
[2025-04-19 14:54:41.652678] • 0x095F4b15F76E507Aca6A01aE1A3eA7fBd739697c: баланс 0.0000 MATIC (менше 0.05)
[2025-04-19 14:54:41.896885] • 0x647ed5799e836f9b073d5E3993E29a678bc751B7: баланс 0.0000 MATIC (менше 0.05)
[2025-04-19 14:54:42.136190] • 0xDa870BC49E215d084785cc024c7676336837c93D: баланс 0.0000 MATIC (менше 0.05)
[2025-04-19 14:54:42.413316] • 0x68094f10a6888Ff5FFb5F34408B376e3D025A955: баланс 0.0000 MATIC (менше 0.05)
[2025-04-19 14:54:42.654085] • 0xb6AAa2944368d6bA7812b6A61492C9E55FFfF2C0: баланс 0.0000 MATIC (менше 0.05)
[2025-04-19 14:54:42.871357] • 0x44522b30F1188cbe7A48e76Ef9b135EC6D386C42: баланс 0.0000 MATIC (менше 0.05)
[2025-04-19 14:54:43.108342] • 0x201a4aF0946955FfEB0d45C406Dc7E6368fBacf3: баланс 0.0000 MATIC (менше 0.05)
[2025-04-19 14:54:43.353486] • 0x17D8C843452053c288979e98154827880fEb4d8F: баланс 0.0000 MATIC (менше 0.05)
[2025-04-19 14:54:44.076520] • 0xF01e2642718EDad8fe4D169c09AEd399220c1808: баланс 0.0000 MATIC (менше 0.05)
[2025-04-19 14:54:44.303406] • 0xebcD553dE10d6B81bAbce3B977A61A6bc8732A0B: баланс 0.0000 MATIC (менше 0.05)
[2025-04-19 14:54:44.534746] • 0x145a02E13e4bD40BCe783a3b7D0e46C7c168a553: баланс 0.0000 MATIC (менше 0.05)
[2025-04-19 14:54:44.787495] • 0xB46853Eac525440f4e0971589E1cD977580f6068: баланс 0.0000 MATIC (менше 0.05)
[2025-04-19 14:54:45.019506] • 0x433ecFC39775F00b3E12562554fecFAFe6DeD29b: баланс 0.0000 MATIC (менше 0.05)
[2025-04-19 14:54:45.254709] • 0x82214e475AfBe3473639455fAA7149D5Ee027b11: баланс 0.0000 MATIC (менше 0.05)
[2025-04-19 14:54:45.454733] • 0x72546778009c6217c0B3c74e7c025b9606317751: баланс 0.0000 MATIC (менше 0.05)
[2025-04-19 14:54:45.682551] • 0xeAFbCC33e95479bCF12f0919986cf52405F3cD3E: баланс 0.0000 MATIC (менше 0.05)
[2025-04-19 14:54:45.908041] • 0x51b46CF686520d23822f3B818B2Aae4428968749: баланс 0.0000 MATIC (менше 0.05)
[2025-04-19 14:54:46.147568] • 0x4Fe4e6ec94bD28E8e8d8D43cf1D5d06d96cca5FC: баланс 0.0000 MATIC (менше 0.05)
[2025-04-19 14:54:46.398327] • 0x7b96E520b17Ebe1fC78224a3e494473584D742c8: баланс 0.0000 MATIC (менше 0.05)
[2025-04-19 14:54:46.636273] • 0xc1D3fAb8Ae26BdE204A29a4BBA4C35dC30B1e6C2: баланс 0.0000 MATIC (менше 0.05)
[2025-04-19 14:54:46.863243] • 0x672dA4227EcE8b701A75C695901b102f4f5e4C56: баланс 0.0000 MATIC (менше 0.05)
[2025-04-19 14:54:47.085270] • 0x73fE35d282e5Fd3e8345CE24840Ef280e075B11f: баланс 0.0000 MATIC (менше 0.05)
[2025-04-19 14:54:47.323463] • 0xC034AC3dD7C0b5EbFbAcc685acF774d7022dE588: баланс 0.0000 MATIC (менше 0.05)
[2025-04-19 14:54:47.625240] • 0x33A31A9e9dC1FF0A710Dcd98fd169ba8Bfe9bbdE: баланс 0.0000 MATIC (менше 0.05)
[2025-04-19 14:54:47.853499] • 0xaC762EFc746f934C1945e288069da5b968173a20: баланс 0.0000 MATIC (менше 0.05)
[2025-04-19 14:54:48.114428] • 0x315CdD21Ff3F5b75C1C553238aEcFFA117555e9E: баланс 0.0000 MATIC (менше 0.05)
[2025-04-19 14:54:48.393413] • 0x7025644eF87698CF0f431A89c87eA6E9D9E46D9a: баланс 0.0000 MATIC (менше 0.05)
[2025-04-19 14:54:48.631536] • 0x376Ee97D0aD70695d6E1b66dc36E09968D9f8E8F: баланс 0.0000 MATIC (менше 0.05)
[2025-04-19 14:54:48.844747] • 0x670AF157fAFe2d5256E830dEdc48a63851cC0245: баланс 0.0000 MATIC (менше 0.05)
[2025-04-19 14:54:49.090421] • 0xE258D64EDD1c1B963AacAE24C8d54c5295894F7b: баланс 0.0000 MATIC (менше 0.05)
[2025-04-19 14:54:49.301320] • 0x1B991B5eba0E7f115BFa4097fD0B16B148eA65Cf: баланс 0.0000 MATIC (менше 0.05)
[2025-04-19 14:54:49.577830] • 0x7CEb08db82Bb3fEC30A615C91ceCE4982875325A: баланс 0.0000 MATIC (менше 0.05)
[2025-04-19 14:54:49.833034] • 0x3E8738A08F6cEEfC4016937e16D8f62b4200c636: баланс 0.0000 MATIC (менше 0.05)
[2025-04-19 14:54:50.070489] • 0xd70cfcCBbDE4d607Fc16dAFAceE3ed80A91Dd03b: баланс 0.0000 MATIC (менше 0.05)
[2025-04-19 14:54:50.271267] • 0x04CD54A8467c55FF1ACdb752563643Bd1aA3c76c: баланс 0.0000 MATIC (менше 0.05)
[2025-04-19 14:54:50.538088] • 0x04E5756840c212E47115555EabA2D4CFaccEfF25: баланс 0.0000 MATIC (менше 0.05)
[2025-04-19 14:54:50.777174] • 0x34a76F9Ac8e3A4F35f0a29cc263282392167828b: баланс 0.0000 MATIC (менше 0.05)
[2025-04-19 14:54:51.015895] • 0x45C217BeA346D6d11Fe18078a86f1365B505E45B: баланс 0.0000 MATIC (менше 0.05)
[2025-04-19 14:54:51.237898] • 0x27BaC031f2A4938a1ab77289e49C263629E251f1: баланс 0.0000 MATIC (менше 0.05)
[2025-04-19 14:54:51.501988] • 0xa8c71166b153647f6C8b46fCfFf255E6d1133D9d: баланс 0.0000 MATIC (менше 0.05)
[2025-04-19 14:54:51.714362] • 0xA53185a26b2A988Be83b74ae3aC2b05b0De77720: баланс 0.0000 MATIC (менше 0.05)
[2025-04-19 14:54:52.398474] • 0xE7DE5869c33c25Cb69e91aE3e10D27fb438275A9: баланс 0.0000 MATIC (менше 0.05)
[2025-04-19 14:54:52.900803] • 0x95a12f0EcDd81CBB9B8aFcb748987678E167920E: баланс 0.0000 MATIC (менше 0.05)
[2025-04-19 14:54:53.165542] • 0xD2493d98180b5de3654d5ff7fdD91F38b6d0eBc0: баланс 0.0000 MATIC (менше 0.05)
[2025-04-19 14:54:53.404430] • 0x4763E3621B629519FCa3F750f383076Ae11bc509: баланс 0.0000 MATIC (менше 0.05)
[2025-04-19 14:54:53.405228] Завершено: 0 виводів, 0.0000 MATIC виведено.
