
===== Звіт Polygon Balance =====
Дата: 2025-04-19 10:58:47.165093
Загальна кількість: 100
Загальний баланс: 0.0 MATIC
[1] 0xc1aF4964fD55AbDe9CE290E3882e62C50cEa1C7a → 0.0 MATIC
[2] 0xD315aEb53b9F32AdA4f4BF957917520F9EC71c35 → 0.0 MATIC
[3] 0x9737269eb8193F4E403CEEFacFAaa75348E06d38 → 0.0 MATIC
[4] 0x4D35774bF2946444c1e2E4f8b7F410140c4508a4 → 0.0 MATIC
[5] 0x0D5CEb4FEBb0C8f060c3c4E532A4E335febA53Aa → 0.0 MATIC
[6] 0x4e98BA8B4aA5aeC637892d9d193EB9729fd90f8b → 0.0 MATIC
[7] 0xBa8320D86be407da490f0c698ed77CA4Bf78F5E4 → 0.0 MATIC
[8] 0xba8cDa485a5b77F2D64567F7763cE7a976bc8306 → 0.0 MATIC
[9] 0x9CfB86fC1728611566b739848589CbE0D61aC85a → 0.0 MATIC
[10] 0x5F34eEbE24Dca15AcCa3947e002fbd288a70de88 → 0.0 MATIC
[11] 0x46c3fB96eDa3374581020ba2647a4063e8e8D36a → 0.0 MATIC
[12] 0x80Ac86a76F1d47E4CA3194163C10D75949cceE0D → 0.0 MATIC
[13] 0x46A9f06597115B5108FcA9EEe2df02D6AE897aba → 0.0 MATIC
[14] 0xa5ceBc572027CfDC65D2bC5e5C59D1DB01035377 → 0.0 MATIC
[15] 0x1aAdA22c1fcAF505a88C609a062b9E820bE9C204 → 0.0 MATIC
[16] 0xcFb1DF1797Ce0eaCB7bE3cD914696777dbA845f7 → 0.0 MATIC
[17] 0x676d48b6EB20352DB17db6Ef5aB24528750575ad → 0.0 MATIC
[18] 0x7D28FacA75a6b3c8161DB0Bf94D726E8520E60a8 → 0.0 MATIC
[19] 0xbaaC765d77b838CE822F3528B4b4d8eb49892bA4 → 0.0 MATIC
[20] 0xf8F96b88a0fdb4193C6A11036c3f8d83D5690da8 → 0.0 MATIC
[21] 0x7a0708762bf06D9dD1d9E25C3cD4A8f49D41667b → 0.0 MATIC
[22] 0x3eB608A2B8593DF82E5029D9D9524AD23cDE7e9b → 0.0 MATIC
[23] 0x0F930d550E51dF4a0FEd6bE447c67B4e16AaF958 → 0.0 MATIC
[24] 0xeccd58e60EC397e95fDc1924aC62Aae6D8f81333 → 0.0 MATIC
[25] 0x10C758a26ad3B71dCF71301F1965b08728fbb353 → 0.0 MATIC
[26] 0xD6399F2A9297670E58998377C9D7F4AbD197a22E → 0.0 MATIC
[27] 0x525FC1702Fd5f04be2FbB342066cC1a5b7eF4b9C → 0.0 MATIC
[28] 0x700d53c239c1f6c3DCf06a00FCb501FD72a27f35 → 0.0 MATIC
[29] 0x9351009bf9326FB1ac6aEBf152b2C9a747536235 → 0.0 MATIC
[30] 0x47DFA83262100cdC42Aed6cB271B5d2b5bA65F11 → 0.0 MATIC
[31] 0x2f18e43d8D8a4905Dcc456aea5ed3E3CA94aC9cD → 0.0 MATIC
[32] 0x57d56366ffCdDE4EAc5fFf0158b0BcCc0f8F1fD9 → 0.0 MATIC
[33] 0xd1496EC012D227AbA501b5dFD941e0BD73A7085C → 0.0 MATIC
[34] 0x9abA3e22166304284E06c6d46a6C802144eFC989 → 0.0 MATIC
[35] 0x071432287eFA690370E90064f14147F09157Cfce → 0.0 MATIC
[36] 0xE052871A046B6fC1fF2D69b00B64D6b58a9277b2 → 0.0 MATIC
[37] 0x9188D3Fcdd8C5509b407d37128a9E82b7A4a8325 → 0.0 MATIC
[38] 0x39F7691ecECe138582c99e3e3a0BCE39ede5e438 → 0.0 MATIC
[39] 0xb7c4A002D7Dad31E466b88c30FCEAB105B44c83e → 0.0 MATIC
[40] 0x572BF7d278555f099808156704cDb691c61C7F5b → 0.0 MATIC
[41] 0x642B684e6669e765db8B1c2F4979E2452d84Da1d → 0.0 MATIC
[42] 0xce4C667984Adf65229de670EBF0A4cb8A494Db7E → 0.0 MATIC
[43] 0xc42734b770852FA80bBa2d9075408B6563EeB1F2 → 0.0 MATIC
[44] 0x044202f8dCA8d0c4245B697D81dF2744DFc0752a → 0.0 MATIC
[45] 0x0477159C19b9051C29B873D232D77Aa49225aD6D → 0.0 MATIC
[46] 0x3142192dA9D1543EF1fC5988Dd7b11ad94931B4E → 0.0 MATIC
[47] 0x238521A9d94089A4A86aA487E22e4c87580BA4D3 → 0.0 MATIC
[48] 0xd3370e7E9a66d0531DFE8a4f868ED36C20Fd0437 → 0.0 MATIC
[49] 0xdEDb5C2Ca6a4A8D640Db6Cf59d5c831441EA50A6 → 0.0 MATIC
[50] 0x7B8F177F14b15eC6b25188e42E10DbB16257e306 → 0.0 MATIC
[51] 0xaee2c281D254b203AC69Bee40426DBd327B88Bd7 → 0.0 MATIC
[52] 0x63092A0325Dd22f1583C81DC8D94d728f9d5cb9C → 0.0 MATIC
[53] 0x0f90FcB087EfDc0ac363AE9af58570B11Bf16Bc3 → 0.0 MATIC
[54] 0x2179ecC4c01c9a338f82A568A288A0E29576CB18 → 0.0 MATIC
[55] 0x1b703D744626629982155a880147A38Cb7CA43d4 → 0.0 MATIC
[56] 0x095F4b15F76E507Aca6A01aE1A3eA7fBd739697c → 0.0 MATIC
[57] 0x647ed5799e836f9b073d5E3993E29a678bc751B7 → 0.0 MATIC
[58] 0xDa870BC49E215d084785cc024c7676336837c93D → 0.0 MATIC
[59] 0x68094f10a6888Ff5FFb5F34408B376e3D025A955 → 0.0 MATIC
[60] 0xb6AAa2944368d6bA7812b6A61492C9E55FFfF2C0 → 0.0 MATIC
[61] 0x44522b30F1188cbe7A48e76Ef9b135EC6D386C42 → 0.0 MATIC
[62] 0x201a4aF0946955FfEB0d45C406Dc7E6368fBacf3 → 0.0 MATIC
[63] 0x17D8C843452053c288979e98154827880fEb4d8F → 0.0 MATIC
[64] 0xF01e2642718EDad8fe4D169c09AEd399220c1808 → 0.0 MATIC
[65] 0xebcD553dE10d6B81bAbce3B977A61A6bc8732A0B → 0.0 MATIC
[66] 0x145a02E13e4bD40BCe783a3b7D0e46C7c168a553 → 0.0 MATIC
[67] 0xB46853Eac525440f4e0971589E1cD977580f6068 → 0.0 MATIC
[68] 0x433ecFC39775F00b3E12562554fecFAFe6DeD29b → 0.0 MATIC
[69] 0x82214e475AfBe3473639455fAA7149D5Ee027b11 → 0.0 MATIC
[70] 0x72546778009c6217c0B3c74e7c025b9606317751 → 0.0 MATIC
[71] 0xeAFbCC33e95479bCF12f0919986cf52405F3cD3E → 0.0 MATIC
[72] 0x51b46CF686520d23822f3B818B2Aae4428968749 → 0.0 MATIC
[73] 0x4Fe4e6ec94bD28E8e8d8D43cf1D5d06d96cca5FC → 0.0 MATIC
[74] 0x7b96E520b17Ebe1fC78224a3e494473584D742c8 → 0.0 MATIC
[75] 0xc1D3fAb8Ae26BdE204A29a4BBA4C35dC30B1e6C2 → 0.0 MATIC
[76] 0x672dA4227EcE8b701A75C695901b102f4f5e4C56 → 0.0 MATIC
[77] 0x73fE35d282e5Fd3e8345CE24840Ef280e075B11f → 0.0 MATIC
[78] 0xC034AC3dD7C0b5EbFbAcc685acF774d7022dE588 → 0.0 MATIC
[79] 0x33A31A9e9dC1FF0A710Dcd98fd169ba8Bfe9bbdE → 0.0 MATIC
[80] 0xaC762EFc746f934C1945e288069da5b968173a20 → 0.0 MATIC
[81] 0x315CdD21Ff3F5b75C1C553238aEcFFA117555e9E → 0.0 MATIC
[82] 0x7025644eF87698CF0f431A89c87eA6E9D9E46D9a → 0.0 MATIC
[83] 0x376Ee97D0aD70695d6E1b66dc36E09968D9f8E8F → 0.0 MATIC
[84] 0x670AF157fAFe2d5256E830dEdc48a63851cC0245 → 0.0 MATIC
[85] 0xE258D64EDD1c1B963AacAE24C8d54c5295894F7b → 0.0 MATIC
[86] 0x1B991B5eba0E7f115BFa4097fD0B16B148eA65Cf → 0.0 MATIC
[87] 0x7CEb08db82Bb3fEC30A615C91ceCE4982875325A → 0.0 MATIC
[88] 0x3E8738A08F6cEEfC4016937e16D8f62b4200c636 → 0.0 MATIC
[89] 0xd70cfcCBbDE4d607Fc16dAFAceE3ed80A91Dd03b → 0.0 MATIC
[90] 0x04CD54A8467c55FF1ACdb752563643Bd1aA3c76c → 0.0 MATIC
[91] 0x04E5756840c212E47115555EabA2D4CFaccEfF25 → 0.0 MATIC
[92] 0x34a76F9Ac8e3A4F35f0a29cc263282392167828b → 0.0 MATIC
[93] 0x45C217BeA346D6d11Fe18078a86f1365B505E45B → 0.0 MATIC
[94] 0x27BaC031f2A4938a1ab77289e49C263629E251f1 → 0.0 MATIC
[95] 0xa8c71166b153647f6C8b46fCfFf255E6d1133D9d → 0.0 MATIC
[96] 0xA53185a26b2A988Be83b74ae3aC2b05b0De77720 → 0.0 MATIC
[97] 0xE7DE5869c33c25Cb69e91aE3e10D27fb438275A9 → 0.0 MATIC
[98] 0x95a12f0EcDd81CBB9B8aFcb748987678E167920E → 0.0 MATIC
[99] 0xD2493d98180b5de3654d5ff7fdD91F38b6d0eBc0 → 0.0 MATIC
[100] 0x4763E3621B629519FCa3F750f383076Ae11bc509 → 0.0 MATIC


===== Звіт Polygon Balance =====
Дата: 2025-04-19 11:16:31.936354
Загальна кількість: 100
Загальний баланс: 0.0 MATIC
[1] 0xc1aF4964fD55AbDe9CE290E3882e62C50cEa1C7a → 0.0 MATIC
[2] 0xD315aEb53b9F32AdA4f4BF957917520F9EC71c35 → 0.0 MATIC
[3] 0x9737269eb8193F4E403CEEFacFAaa75348E06d38 → 0.0 MATIC
[4] 0x4D35774bF2946444c1e2E4f8b7F410140c4508a4 → 0.0 MATIC
[5] 0x0D5CEb4FEBb0C8f060c3c4E532A4E335febA53Aa → 0.0 MATIC
[6] 0x4e98BA8B4aA5aeC637892d9d193EB9729fd90f8b → 0.0 MATIC
[7] 0xBa8320D86be407da490f0c698ed77CA4Bf78F5E4 → 0.0 MATIC
[8] 0xba8cDa485a5b77F2D64567F7763cE7a976bc8306 → 0.0 MATIC
[9] 0x9CfB86fC1728611566b739848589CbE0D61aC85a → 0.0 MATIC
[10] 0x5F34eEbE24Dca15AcCa3947e002fbd288a70de88 → 0.0 MATIC
[11] 0x46c3fB96eDa3374581020ba2647a4063e8e8D36a → 0.0 MATIC
[12] 0x80Ac86a76F1d47E4CA3194163C10D75949cceE0D → 0.0 MATIC
[13] 0x46A9f06597115B5108FcA9EEe2df02D6AE897aba → 0.0 MATIC
[14] 0xa5ceBc572027CfDC65D2bC5e5C59D1DB01035377 → 0.0 MATIC
[15] 0x1aAdA22c1fcAF505a88C609a062b9E820bE9C204 → 0.0 MATIC
[16] 0xcFb1DF1797Ce0eaCB7bE3cD914696777dbA845f7 → 0.0 MATIC
[17] 0x676d48b6EB20352DB17db6Ef5aB24528750575ad → 0.0 MATIC
[18] 0x7D28FacA75a6b3c8161DB0Bf94D726E8520E60a8 → 0.0 MATIC
[19] 0xbaaC765d77b838CE822F3528B4b4d8eb49892bA4 → 0.0 MATIC
[20] 0xf8F96b88a0fdb4193C6A11036c3f8d83D5690da8 → 0.0 MATIC
[21] 0x7a0708762bf06D9dD1d9E25C3cD4A8f49D41667b → 0.0 MATIC
[22] 0x3eB608A2B8593DF82E5029D9D9524AD23cDE7e9b → 0.0 MATIC
[23] 0x0F930d550E51dF4a0FEd6bE447c67B4e16AaF958 → 0.0 MATIC
[24] 0xeccd58e60EC397e95fDc1924aC62Aae6D8f81333 → 0.0 MATIC
[25] 0x10C758a26ad3B71dCF71301F1965b08728fbb353 → 0.0 MATIC
[26] 0xD6399F2A9297670E58998377C9D7F4AbD197a22E → 0.0 MATIC
[27] 0x525FC1702Fd5f04be2FbB342066cC1a5b7eF4b9C → 0.0 MATIC
[28] 0x700d53c239c1f6c3DCf06a00FCb501FD72a27f35 → 0.0 MATIC
[29] 0x9351009bf9326FB1ac6aEBf152b2C9a747536235 → 0.0 MATIC
[30] 0x47DFA83262100cdC42Aed6cB271B5d2b5bA65F11 → 0.0 MATIC
[31] 0x2f18e43d8D8a4905Dcc456aea5ed3E3CA94aC9cD → 0.0 MATIC
[32] 0x57d56366ffCdDE4EAc5fFf0158b0BcCc0f8F1fD9 → 0.0 MATIC
[33] 0xd1496EC012D227AbA501b5dFD941e0BD73A7085C → 0.0 MATIC
[34] 0x9abA3e22166304284E06c6d46a6C802144eFC989 → 0.0 MATIC
[35] 0x071432287eFA690370E90064f14147F09157Cfce → 0.0 MATIC
[36] 0xE052871A046B6fC1fF2D69b00B64D6b58a9277b2 → 0.0 MATIC
[37] 0x9188D3Fcdd8C5509b407d37128a9E82b7A4a8325 → 0.0 MATIC
[38] 0x39F7691ecECe138582c99e3e3a0BCE39ede5e438 → 0.0 MATIC
[39] 0xb7c4A002D7Dad31E466b88c30FCEAB105B44c83e → 0.0 MATIC
[40] 0x572BF7d278555f099808156704cDb691c61C7F5b → 0.0 MATIC
[41] 0x642B684e6669e765db8B1c2F4979E2452d84Da1d → 0.0 MATIC
[42] 0xce4C667984Adf65229de670EBF0A4cb8A494Db7E → 0.0 MATIC
[43] 0xc42734b770852FA80bBa2d9075408B6563EeB1F2 → 0.0 MATIC
[44] 0x044202f8dCA8d0c4245B697D81dF2744DFc0752a → 0.0 MATIC
[45] 0x0477159C19b9051C29B873D232D77Aa49225aD6D → 0.0 MATIC
[46] 0x3142192dA9D1543EF1fC5988Dd7b11ad94931B4E → 0.0 MATIC
[47] 0x238521A9d94089A4A86aA487E22e4c87580BA4D3 → 0.0 MATIC
[48] 0xd3370e7E9a66d0531DFE8a4f868ED36C20Fd0437 → 0.0 MATIC
[49] 0xdEDb5C2Ca6a4A8D640Db6Cf59d5c831441EA50A6 → 0.0 MATIC
[50] 0x7B8F177F14b15eC6b25188e42E10DbB16257e306 → 0.0 MATIC
[51] 0xaee2c281D254b203AC69Bee40426DBd327B88Bd7 → 0.0 MATIC
[52] 0x63092A0325Dd22f1583C81DC8D94d728f9d5cb9C → 0.0 MATIC
[53] 0x0f90FcB087EfDc0ac363AE9af58570B11Bf16Bc3 → 0.0 MATIC
[54] 0x2179ecC4c01c9a338f82A568A288A0E29576CB18 → 0.0 MATIC
[55] 0x1b703D744626629982155a880147A38Cb7CA43d4 → 0.0 MATIC
[56] 0x095F4b15F76E507Aca6A01aE1A3eA7fBd739697c → 0.0 MATIC
[57] 0x647ed5799e836f9b073d5E3993E29a678bc751B7 → 0.0 MATIC
[58] 0xDa870BC49E215d084785cc024c7676336837c93D → 0.0 MATIC
[59] 0x68094f10a6888Ff5FFb5F34408B376e3D025A955 → 0.0 MATIC
[60] 0xb6AAa2944368d6bA7812b6A61492C9E55FFfF2C0 → 0.0 MATIC
[61] 0x44522b30F1188cbe7A48e76Ef9b135EC6D386C42 → 0.0 MATIC
[62] 0x201a4aF0946955FfEB0d45C406Dc7E6368fBacf3 → 0.0 MATIC
[63] 0x17D8C843452053c288979e98154827880fEb4d8F → 0.0 MATIC
[64] 0xF01e2642718EDad8fe4D169c09AEd399220c1808 → 0.0 MATIC
[65] 0xebcD553dE10d6B81bAbce3B977A61A6bc8732A0B → 0.0 MATIC
[66] 0x145a02E13e4bD40BCe783a3b7D0e46C7c168a553 → 0.0 MATIC
[67] 0xB46853Eac525440f4e0971589E1cD977580f6068 → 0.0 MATIC
[68] 0x433ecFC39775F00b3E12562554fecFAFe6DeD29b → 0.0 MATIC
[69] 0x82214e475AfBe3473639455fAA7149D5Ee027b11 → 0.0 MATIC
[70] 0x72546778009c6217c0B3c74e7c025b9606317751 → 0.0 MATIC
[71] 0xeAFbCC33e95479bCF12f0919986cf52405F3cD3E → 0.0 MATIC
[72] 0x51b46CF686520d23822f3B818B2Aae4428968749 → 0.0 MATIC
[73] 0x4Fe4e6ec94bD28E8e8d8D43cf1D5d06d96cca5FC → 0.0 MATIC
[74] 0x7b96E520b17Ebe1fC78224a3e494473584D742c8 → 0.0 MATIC
[75] 0xc1D3fAb8Ae26BdE204A29a4BBA4C35dC30B1e6C2 → 0.0 MATIC
[76] 0x672dA4227EcE8b701A75C695901b102f4f5e4C56 → 0.0 MATIC
[77] 0x73fE35d282e5Fd3e8345CE24840Ef280e075B11f → 0.0 MATIC
[78] 0xC034AC3dD7C0b5EbFbAcc685acF774d7022dE588 → 0.0 MATIC
[79] 0x33A31A9e9dC1FF0A710Dcd98fd169ba8Bfe9bbdE → 0.0 MATIC
[80] 0xaC762EFc746f934C1945e288069da5b968173a20 → 0.0 MATIC
[81] 0x315CdD21Ff3F5b75C1C553238aEcFFA117555e9E → 0.0 MATIC
[82] 0x7025644eF87698CF0f431A89c87eA6E9D9E46D9a → 0.0 MATIC
[83] 0x376Ee97D0aD70695d6E1b66dc36E09968D9f8E8F → 0.0 MATIC
[84] 0x670AF157fAFe2d5256E830dEdc48a63851cC0245 → 0.0 MATIC
[85] 0xE258D64EDD1c1B963AacAE24C8d54c5295894F7b → 0.0 MATIC
[86] 0x1B991B5eba0E7f115BFa4097fD0B16B148eA65Cf → 0.0 MATIC
[87] 0x7CEb08db82Bb3fEC30A615C91ceCE4982875325A → 0.0 MATIC
[88] 0x3E8738A08F6cEEfC4016937e16D8f62b4200c636 → 0.0 MATIC
[89] 0xd70cfcCBbDE4d607Fc16dAFAceE3ed80A91Dd03b → 0.0 MATIC
[90] 0x04CD54A8467c55FF1ACdb752563643Bd1aA3c76c → 0.0 MATIC
[91] 0x04E5756840c212E47115555EabA2D4CFaccEfF25 → 0.0 MATIC
[92] 0x34a76F9Ac8e3A4F35f0a29cc263282392167828b → 0.0 MATIC
[93] 0x45C217BeA346D6d11Fe18078a86f1365B505E45B → 0.0 MATIC
[94] 0x27BaC031f2A4938a1ab77289e49C263629E251f1 → 0.0 MATIC
[95] 0xa8c71166b153647f6C8b46fCfFf255E6d1133D9d → 0.0 MATIC
[96] 0xA53185a26b2A988Be83b74ae3aC2b05b0De77720 → 0.0 MATIC
[97] 0xE7DE5869c33c25Cb69e91aE3e10D27fb438275A9 → 0.0 MATIC
[98] 0x95a12f0EcDd81CBB9B8aFcb748987678E167920E → 0.0 MATIC
[99] 0xD2493d98180b5de3654d5ff7fdD91F38b6d0eBc0 → 0.0 MATIC
[100] 0x4763E3621B629519FCa3F750f383076Ae11bc509 → 0.0 MATIC


===== Звіт Polygon Balance =====
Дата: 2025-04-19 14:54:22.333898
Загальна кількість: 100
Загальний баланс: 0.0 MATIC
[1] 0xc1aF4964fD55AbDe9CE290E3882e62C50cEa1C7a → 0.0 MATIC
[2] 0xD315aEb53b9F32AdA4f4BF957917520F9EC71c35 → 0.0 MATIC
[3] 0x9737269eb8193F4E403CEEFacFAaa75348E06d38 → 0.0 MATIC
[4] 0x4D35774bF2946444c1e2E4f8b7F410140c4508a4 → 0.0 MATIC
[5] 0x0D5CEb4FEBb0C8f060c3c4E532A4E335febA53Aa → 0.0 MATIC
[6] 0x4e98BA8B4aA5aeC637892d9d193EB9729fd90f8b → 0.0 MATIC
[7] 0xBa8320D86be407da490f0c698ed77CA4Bf78F5E4 → 0.0 MATIC
[8] 0xba8cDa485a5b77F2D64567F7763cE7a976bc8306 → 0.0 MATIC
[9] 0x9CfB86fC1728611566b739848589CbE0D61aC85a → 0.0 MATIC
[10] 0x5F34eEbE24Dca15AcCa3947e002fbd288a70de88 → 0.0 MATIC
[11] 0x46c3fB96eDa3374581020ba2647a4063e8e8D36a → 0.0 MATIC
[12] 0x80Ac86a76F1d47E4CA3194163C10D75949cceE0D → 0.0 MATIC
[13] 0x46A9f06597115B5108FcA9EEe2df02D6AE897aba → 0.0 MATIC
[14] 0xa5ceBc572027CfDC65D2bC5e5C59D1DB01035377 → 0.0 MATIC
[15] 0x1aAdA22c1fcAF505a88C609a062b9E820bE9C204 → 0.0 MATIC
[16] 0xcFb1DF1797Ce0eaCB7bE3cD914696777dbA845f7 → 0.0 MATIC
[17] 0x676d48b6EB20352DB17db6Ef5aB24528750575ad → 0.0 MATIC
[18] 0x7D28FacA75a6b3c8161DB0Bf94D726E8520E60a8 → 0.0 MATIC
[19] 0xbaaC765d77b838CE822F3528B4b4d8eb49892bA4 → 0.0 MATIC
[20] 0xf8F96b88a0fdb4193C6A11036c3f8d83D5690da8 → 0.0 MATIC
[21] 0x7a0708762bf06D9dD1d9E25C3cD4A8f49D41667b → 0.0 MATIC
[22] 0x3eB608A2B8593DF82E5029D9D9524AD23cDE7e9b → 0.0 MATIC
[23] 0x0F930d550E51dF4a0FEd6bE447c67B4e16AaF958 → 0.0 MATIC
[24] 0xeccd58e60EC397e95fDc1924aC62Aae6D8f81333 → 0.0 MATIC
[25] 0x10C758a26ad3B71dCF71301F1965b08728fbb353 → 0.0 MATIC
[26] 0xD6399F2A9297670E58998377C9D7F4AbD197a22E → 0.0 MATIC
[27] 0x525FC1702Fd5f04be2FbB342066cC1a5b7eF4b9C → 0.0 MATIC
[28] 0x700d53c239c1f6c3DCf06a00FCb501FD72a27f35 → 0.0 MATIC
[29] 0x9351009bf9326FB1ac6aEBf152b2C9a747536235 → 0.0 MATIC
[30] 0x47DFA83262100cdC42Aed6cB271B5d2b5bA65F11 → 0.0 MATIC
[31] 0x2f18e43d8D8a4905Dcc456aea5ed3E3CA94aC9cD → 0.0 MATIC
[32] 0x57d56366ffCdDE4EAc5fFf0158b0BcCc0f8F1fD9 → 0.0 MATIC
[33] 0xd1496EC012D227AbA501b5dFD941e0BD73A7085C → 0.0 MATIC
[34] 0x9abA3e22166304284E06c6d46a6C802144eFC989 → error: HTTPSConnectionPool(host='rpc-mainnet.matic.quiknode.pro', port=443): Max retries exceeded with url: / (Caused by NewConnectionError('<urllib3.connection.HTTPSConnection object at 0x7932f70e90>: Failed to establish a new connection: [Errno 103] Software caused connection abort')) MATIC
[35] 0x071432287eFA690370E90064f14147F09157Cfce → 0.0 MATIC
[36] 0xE052871A046B6fC1fF2D69b00B64D6b58a9277b2 → 0.0 MATIC
[37] 0x9188D3Fcdd8C5509b407d37128a9E82b7A4a8325 → 0.0 MATIC
[38] 0x39F7691ecECe138582c99e3e3a0BCE39ede5e438 → 0.0 MATIC
[39] 0xb7c4A002D7Dad31E466b88c30FCEAB105B44c83e → 0.0 MATIC
[40] 0x572BF7d278555f099808156704cDb691c61C7F5b → 0.0 MATIC
[41] 0x642B684e6669e765db8B1c2F4979E2452d84Da1d → 0.0 MATIC
[42] 0xce4C667984Adf65229de670EBF0A4cb8A494Db7E → 0.0 MATIC
[43] 0xc42734b770852FA80bBa2d9075408B6563EeB1F2 → 0.0 MATIC
[44] 0x044202f8dCA8d0c4245B697D81dF2744DFc0752a → 0.0 MATIC
[45] 0x0477159C19b9051C29B873D232D77Aa49225aD6D → 0.0 MATIC
[46] 0x3142192dA9D1543EF1fC5988Dd7b11ad94931B4E → 0.0 MATIC
[47] 0x238521A9d94089A4A86aA487E22e4c87580BA4D3 → 0.0 MATIC
[48] 0xd3370e7E9a66d0531DFE8a4f868ED36C20Fd0437 → 0.0 MATIC
[49] 0xdEDb5C2Ca6a4A8D640Db6Cf59d5c831441EA50A6 → 0.0 MATIC
[50] 0x7B8F177F14b15eC6b25188e42E10DbB16257e306 → 0.0 MATIC
[51] 0xaee2c281D254b203AC69Bee40426DBd327B88Bd7 → 0.0 MATIC
[52] 0x63092A0325Dd22f1583C81DC8D94d728f9d5cb9C → 0.0 MATIC
[53] 0x0f90FcB087EfDc0ac363AE9af58570B11Bf16Bc3 → 0.0 MATIC
[54] 0x2179ecC4c01c9a338f82A568A288A0E29576CB18 → 0.0 MATIC
[55] 0x1b703D744626629982155a880147A38Cb7CA43d4 → 0.0 MATIC
[56] 0x095F4b15F76E507Aca6A01aE1A3eA7fBd739697c → 0.0 MATIC
[57] 0x647ed5799e836f9b073d5E3993E29a678bc751B7 → 0.0 MATIC
[58] 0xDa870BC49E215d084785cc024c7676336837c93D → 0.0 MATIC
[59] 0x68094f10a6888Ff5FFb5F34408B376e3D025A955 → 0.0 MATIC
[60] 0xb6AAa2944368d6bA7812b6A61492C9E55FFfF2C0 → 0.0 MATIC
[61] 0x44522b30F1188cbe7A48e76Ef9b135EC6D386C42 → 0.0 MATIC
[62] 0x201a4aF0946955FfEB0d45C406Dc7E6368fBacf3 → 0.0 MATIC
[63] 0x17D8C843452053c288979e98154827880fEb4d8F → 0.0 MATIC
[64] 0xF01e2642718EDad8fe4D169c09AEd399220c1808 → 0.0 MATIC
[65] 0xebcD553dE10d6B81bAbce3B977A61A6bc8732A0B → 0.0 MATIC
[66] 0x145a02E13e4bD40BCe783a3b7D0e46C7c168a553 → 0.0 MATIC
[67] 0xB46853Eac525440f4e0971589E1cD977580f6068 → 0.0 MATIC
[68] 0x433ecFC39775F00b3E12562554fecFAFe6DeD29b → 0.0 MATIC
[69] 0x82214e475AfBe3473639455fAA7149D5Ee027b11 → 0.0 MATIC
[70] 0x72546778009c6217c0B3c74e7c025b9606317751 → 0.0 MATIC
[71] 0xeAFbCC33e95479bCF12f0919986cf52405F3cD3E → 0.0 MATIC
[72] 0x51b46CF686520d23822f3B818B2Aae4428968749 → 0.0 MATIC
[73] 0x4Fe4e6ec94bD28E8e8d8D43cf1D5d06d96cca5FC → 0.0 MATIC
[74] 0x7b96E520b17Ebe1fC78224a3e494473584D742c8 → 0.0 MATIC
[75] 0xc1D3fAb8Ae26BdE204A29a4BBA4C35dC30B1e6C2 → 0.0 MATIC
[76] 0x672dA4227EcE8b701A75C695901b102f4f5e4C56 → 0.0 MATIC
[77] 0x73fE35d282e5Fd3e8345CE24840Ef280e075B11f → 0.0 MATIC
[78] 0xC034AC3dD7C0b5EbFbAcc685acF774d7022dE588 → 0.0 MATIC
[79] 0x33A31A9e9dC1FF0A710Dcd98fd169ba8Bfe9bbdE → 0.0 MATIC
[80] 0xaC762EFc746f934C1945e288069da5b968173a20 → 0.0 MATIC
[81] 0x315CdD21Ff3F5b75C1C553238aEcFFA117555e9E → 0.0 MATIC
[82] 0x7025644eF87698CF0f431A89c87eA6E9D9E46D9a → 0.0 MATIC
[83] 0x376Ee97D0aD70695d6E1b66dc36E09968D9f8E8F → 0.0 MATIC
[84] 0x670AF157fAFe2d5256E830dEdc48a63851cC0245 → 0.0 MATIC
[85] 0xE258D64EDD1c1B963AacAE24C8d54c5295894F7b → 0.0 MATIC
[86] 0x1B991B5eba0E7f115BFa4097fD0B16B148eA65Cf → 0.0 MATIC
[87] 0x7CEb08db82Bb3fEC30A615C91ceCE4982875325A → 0.0 MATIC
[88] 0x3E8738A08F6cEEfC4016937e16D8f62b4200c636 → 0.0 MATIC
[89] 0xd70cfcCBbDE4d607Fc16dAFAceE3ed80A91Dd03b → 0.0 MATIC
[90] 0x04CD54A8467c55FF1ACdb752563643Bd1aA3c76c → 0.0 MATIC
[91] 0x04E5756840c212E47115555EabA2D4CFaccEfF25 → 0.0 MATIC
[92] 0x34a76F9Ac8e3A4F35f0a29cc263282392167828b → 0.0 MATIC
[93] 0x45C217BeA346D6d11Fe18078a86f1365B505E45B → 0.0 MATIC
[94] 0x27BaC031f2A4938a1ab77289e49C263629E251f1 → 0.0 MATIC
[95] 0xa8c71166b153647f6C8b46fCfFf255E6d1133D9d → 0.0 MATIC
[96] 0xA53185a26b2A988Be83b74ae3aC2b05b0De77720 → 0.0 MATIC
[97] 0xE7DE5869c33c25Cb69e91aE3e10D27fb438275A9 → 0.0 MATIC
[98] 0x95a12f0EcDd81CBB9B8aFcb748987678E167920E → 0.0 MATIC
[99] 0xD2493d98180b5de3654d5ff7fdD91F38b6d0eBc0 → 0.0 MATIC
[100] 0x4763E3621B629519FCa3F750f383076Ae11bc509 → 0.0 MATIC

